"../../../Engine/Content/Functions/Engine_MaterialFunctions01/Shading/PowerToRoughness.uasset" 0
"../../../Engine/Content/Functions/Engine_MaterialFunctions01/Shading/PowerToRoughness.uexp" 1
"../../../Engine/Content/Functions/Engine_MaterialFunctions01/Shading/ConvertFromDiffSpec.uasset" 2
"../../../Engine/Content/Functions/Engine_MaterialFunctions01/Shading/ConvertFromDiffSpec.uexp" 3
"../../../Engine/Content/EngineSounds/Master.uasset" 4
"../../../Engine/Content/EngineSounds/Master.uexp" 5
"../../../Engine/Content/EngineSky/VolumetricClouds/CloudWeatherTexture.uasset" 6
"../../../Engine/Content/EngineSky/VolumetricClouds/CloudWeatherTexture.uexp" 7
"../../../Engine/Content/Functions/Engine_MaterialFunctions02/Utility/MakeFloat2.uasset" 8
"../../../Engine/Content/Functions/Engine_MaterialFunctions02/Utility/MakeFloat2.uexp" 9
"../../../Engine/Content/EngineSky/VolumetricClouds/CloudGradientTexture.uasset" 10
"../../../Engine/Content/EngineSky/VolumetricClouds/CloudGradientTexture.uexp" 11
"../../../Engine/Content/EngineSky/VolumetricClouds/T_NoiseShape64.ubulk" 12
"../../../Engine/Content/EngineSky/VolumetricClouds/T_NoiseShape64.uasset" 13
"../../../Engine/Content/EngineSky/VolumetricClouds/T_NoiseShape64.uexp" 14
"../../../Engine/Content/EngineSky/VolumetricClouds/T_VolumeNoiseShape64.uasset" 15
"../../../Engine/Content/EngineSky/VolumetricClouds/T_VolumeNoiseShape64.uexp" 16
"../../../Engine/Content/EngineSky/VolumetricClouds/T_NoiseErosion.ubulk" 17
"../../../Engine/Content/EngineSky/VolumetricClouds/T_NoiseErosion.uasset" 18
"../../../Engine/Content/EngineSky/VolumetricClouds/T_NoiseErosion.uexp" 19
"../../../Engine/Content/EngineSky/VolumetricClouds/T_VolumeNoiseErosion32.uasset" 20
"../../../Engine/Content/EngineSky/VolumetricClouds/T_VolumeNoiseErosion32.uexp" 21
"../../../Engine/Content/EngineSky/VolumetricClouds/m_SimpleVolumetricCloud.uasset" 22
"../../../Engine/Content/EngineSky/VolumetricClouds/m_SimpleVolumetricCloud.uexp" 23
"../../../Engine/Content/EngineSky/VolumetricClouds/m_SimpleVolumetricCloud_Inst.uasset" 24
"../../../Engine/Content/EngineSky/VolumetricClouds/m_SimpleVolumetricCloud_Inst.uexp" 25
"../../../Engine/Content/EngineResources/GradientTexture0.uasset" 26
"../../../Engine/Content/EngineResources/GradientTexture0.uexp" 27
"../../../Engine/Content/EngineResources/DefaultVolumeTexture2D.uasset" 28
"../../../Engine/Content/EngineResources/DefaultVolumeTexture2D.uexp" 29
"../../../Engine/Content/EngineResources/DefaultVolumeTexture.uasset" 30
"../../../Engine/Content/EngineResources/DefaultVolumeTexture.uexp" 31
"../../../Engine/Content/EngineResources/DefaultTextureCube.uasset" 32
"../../../Engine/Content/EngineResources/DefaultTextureCube.uexp" 33
"../../../Engine/Content/EngineResources/DefaultTexture.ubulk" 34
"../../../Engine/Content/EngineResources/DefaultTexture.uasset" 35
"../../../Engine/Content/EngineResources/DefaultTexture.uexp" 36
"../../../Engine/Content/EngineResources/Black.uasset" 37
"../../../Engine/Content/EngineResources/Black.uexp" 38
"../../../Engine/Content/EngineResources/FilmGrains/Marcie_Grain_v3_128_M2_000.uasset" 39
"../../../Engine/Content/EngineResources/FilmGrains/Marcie_Grain_v3_128_M2_000.uexp" 40
"../../../Engine/Content/EngineMeshes/Sphere.ubulk" 41
"../../../Engine/Content/EngineMeshes/Sphere.uasset" 42
"../../../Engine/Content/EngineMeshes/Sphere.uexp" 43
"../../../Engine/Content/EngineResources/WhiteSquareTexture.uasset" 44
"../../../Engine/Content/EngineResources/WhiteSquareTexture.uexp" 45
"../../../Engine/Content/EngineMaterials/Widget3DPassThrough.uasset" 46
"../../../Engine/Content/EngineMaterials/Widget3DPassThrough.uexp" 47
"../../../Engine/Content/EngineMaterials/Widget3DPassThrough_Translucent.uasset" 48
"../../../Engine/Content/EngineMaterials/Widget3DPassThrough_Translucent.uexp" 49
"../../../Engine/Content/EngineMaterials/Widget3DPassThrough_Translucent_OneSided.uasset" 50
"../../../Engine/Content/EngineMaterials/Widget3DPassThrough_Translucent_OneSided.uexp" 51
"../../../Engine/Content/EngineMaterials/Widget3DPassThrough_Opaque.uasset" 52
"../../../Engine/Content/EngineMaterials/Widget3DPassThrough_Opaque.uexp" 53
"../../../Engine/Content/EngineMaterials/Widget3DPassThrough_Opaque_OneSided.uasset" 54
"../../../Engine/Content/EngineMaterials/Widget3DPassThrough_Opaque_OneSided.uexp" 55
"../../../Engine/Content/EngineMaterials/Widget3DPassThrough_Masked_OneSided.uasset" 56
"../../../Engine/Content/EngineMaterials/Widget3DPassThrough_Masked_OneSided.uexp" 57
"../../../Engine/Content/EngineMaterials/Widget3DPassThrough_Masked.uasset" 58
"../../../Engine/Content/EngineMaterials/Widget3DPassThrough_Masked.uexp" 59
"../../../Engine/Content/EngineMaterials/WeightMapPlaceholderTexture.uasset" 60
"../../../Engine/Content/EngineMaterials/WeightMapPlaceholderTexture.uexp" 61
"../../../Engine/Content/EngineMaterials/RemoveSurfaceMaterial.uasset" 62
"../../../Engine/Content/EngineMaterials/RemoveSurfaceMaterial.uexp" 63
"../../../Engine/Content/EngineMaterials/PreintegratedSkinBRDF.uasset" 64
"../../../Engine/Content/EngineMaterials/PreintegratedSkinBRDF.uexp" 65
"../../../Engine/Content/EngineMaterials/DefaultCalibrationGrayscale.uasset" 66
"../../../Engine/Content/EngineMaterials/DefaultCalibrationGrayscale.uexp" 67
"../../../Engine/Content/EngineMaterials/PPM_DefaultCalibrationGrayscale.uasset" 68
"../../../Engine/Content/EngineMaterials/PPM_DefaultCalibrationGrayscale.uexp" 69
"../../../Engine/Content/EngineMaterials/DefaultCalibrationColor.uasset" 70
"../../../Engine/Content/EngineMaterials/DefaultCalibrationColor.uexp" 71
"../../../Engine/Content/EngineMaterials/PPM_DefaultCalibrationColor.uasset" 72
"../../../Engine/Content/EngineMaterials/PPM_DefaultCalibrationColor.uexp" 73
"../../../Engine/Content/Functions/Engine_MaterialFunctions02/WorldPositionOffset/CameraOffset.uasset" 74
"../../../Engine/Content/Functions/Engine_MaterialFunctions02/WorldPositionOffset/CameraOffset.uexp" 75
"../../../Engine/Content/EngineMaterials/PhAT_JointLimitMaterial.uasset" 76
"../../../Engine/Content/EngineMaterials/PhAT_JointLimitMaterial.uexp" 77
"../../../Engine/Content/EngineMaterials/InvalidLightmapSettings.ubulk" 78
"../../../Engine/Content/EngineMaterials/InvalidLightmapSettings.uasset" 79
"../../../Engine/Content/EngineMaterials/InvalidLightmapSettings.uexp" 80
"../../../Engine/Content/EngineMaterials/M_InvalidLightmapSettings.uasset" 81
"../../../Engine/Content/EngineMaterials/M_InvalidLightmapSettings.uexp" 82
"../../../Engine/Content/EngineMaterials/MiniFont.uasset" 83
"../../../Engine/Content/EngineMaterials/MiniFont.uexp" 84
"../../../Engine/Content/EngineMaterials/Good64x64TilingNoiseHighFreq.uasset" 85
"../../../Engine/Content/EngineMaterials/Good64x64TilingNoiseHighFreq.uexp" 86
"../../../Engine/Content/EngineMaterials/GizmoMaterial.uasset" 87
"../../../Engine/Content/EngineMaterials/GizmoMaterial.uexp" 88
"../../../Engine/Content/EngineMaterials/BaseFlattenEmissiveMap_VT.uasset" 89
"../../../Engine/Content/EngineMaterials/BaseFlattenEmissiveMap_VT.uexp" 90
"../../../Engine/Content/EngineMaterials/BaseFlattenGrayscaleMap_VT.uasset" 91
"../../../Engine/Content/EngineMaterials/BaseFlattenGrayscaleMap_VT.uexp" 92
"../../../Engine/Content/EngineMaterials/BaseFlattenLinearColor_VT.uasset" 93
"../../../Engine/Content/EngineMaterials/BaseFlattenLinearColor_VT.uexp" 94
"../../../Engine/Content/EngineMaterials/Black_1x1_EXR_Texture_VT.uasset" 95
"../../../Engine/Content/EngineMaterials/Black_1x1_EXR_Texture_VT.uexp" 96
"../../../Engine/Content/EngineMaterials/BaseFlattenDiffuseMap_VT.uasset" 97
"../../../Engine/Content/EngineMaterials/BaseFlattenDiffuseMap_VT.uexp" 98
"../../../Engine/Content/EngineMaterials/BaseFlattenNormalMap_VT.uasset" 99
"../../../Engine/Content/EngineMaterials/BaseFlattenNormalMap_VT.uexp" 100
"../../../Engine/Content/EngineMaterials/FlattenMaterial_WS_Normal_VT.uasset" 101
"../../../Engine/Content/EngineMaterials/FlattenMaterial_WS_Normal_VT.uexp" 102
"../../../Engine/Content/EngineMaterials/FlattenMaterial_VT.uasset" 103
"../../../Engine/Content/EngineMaterials/FlattenMaterial_VT.uexp" 104
"../../../Engine/Content/EngineMaterials/BaseFlattenNormalMap.uasset" 105
"../../../Engine/Content/EngineMaterials/BaseFlattenNormalMap.uexp" 106
"../../../Engine/Content/EngineMaterials/BaseFlattenGrayscaleMap.uasset" 107
"../../../Engine/Content/EngineMaterials/BaseFlattenGrayscaleMap.uexp" 108
"../../../Engine/Content/EngineMaterials/BaseFlattenDiffuseMap.uasset" 109
"../../../Engine/Content/EngineMaterials/BaseFlattenDiffuseMap.uexp" 110
"../../../Engine/Content/Functions/Engine_MaterialFunctions02/PivotPainter2/Black_1x1_EXR_Texture.uasset" 111
"../../../Engine/Content/Functions/Engine_MaterialFunctions02/PivotPainter2/Black_1x1_EXR_Texture.uexp" 112
"../../../Engine/Content/EngineMaterials/BaseFlattenEmissiveMap.uasset" 113
"../../../Engine/Content/EngineMaterials/BaseFlattenEmissiveMap.uexp" 114
"../../../Engine/Content/EngineMaterials/BaseFlattenLinearColor.uasset" 115
"../../../Engine/Content/EngineMaterials/BaseFlattenLinearColor.uexp" 116
"../../../Engine/Content/EngineMaterials/FlattenMaterial.uasset" 117
"../../../Engine/Content/EngineMaterials/FlattenMaterial.uexp" 118
"../../../Engine/Content/EngineMaterials/DefaultWhiteGrid_Low.uasset" 119
"../../../Engine/Content/EngineMaterials/DefaultWhiteGrid_Low.uexp" 120
"../../../Engine/Content/EngineMaterials/EmissiveMeshMaterial.uasset" 121
"../../../Engine/Content/EngineMaterials/EmissiveMeshMaterial.uexp" 122
"../../../Engine/Content/EngineMaterials/DefaultWhiteGrid.ubulk" 123
"../../../Engine/Content/EngineMaterials/DefaultWhiteGrid.uasset" 124
"../../../Engine/Content/EngineMaterials/DefaultWhiteGrid.uexp" 125
"../../../Engine/Content/EngineFonts/RobotoDistanceField.uasset" 126
"../../../Engine/Content/EngineFonts/RobotoDistanceField.uexp" 127
"../../../Engine/Content/EngineMaterials/DefaultTextMaterialOpaque.uasset" 128
"../../../Engine/Content/EngineMaterials/DefaultTextMaterialOpaque.uexp" 129
"../../../Engine/Content/EngineMaterials/DefaultDiffuse.ubulk" 130
"../../../Engine/Content/EngineMaterials/DefaultDiffuse.uasset" 131
"../../../Engine/Content/EngineMaterials/DefaultDiffuse.uexp" 132
"../../../Engine/Content/Functions/Engine_MaterialFunctions02/Utility/BreakOutFloat2Components.uasset" 133
"../../../Engine/Content/Functions/Engine_MaterialFunctions02/Utility/BreakOutFloat2Components.uexp" 134
"../../../Engine/Content/EngineMaterials/DefaultPostProcessMaterial.uasset" 135
"../../../Engine/Content/EngineMaterials/DefaultPostProcessMaterial.uexp" 136
"../../../Engine/Content/EngineMaterials/DefaultPhysicalMaterial.uasset" 137
"../../../Engine/Content/EngineMaterials/DefaultPhysicalMaterial.uexp" 138
"../../../Engine/Content/EngineMaterials/DefaultLightFunctionMaterial.uasset" 139
"../../../Engine/Content/EngineMaterials/DefaultLightFunctionMaterial.uexp" 140
"../../../Engine/Content/EngineMaterials/DefaultDestructiblePhysicalMaterial.uasset" 141
"../../../Engine/Content/EngineMaterials/DefaultDestructiblePhysicalMaterial.uexp" 142
"../../../Engine/Content/EngineMaterials/DefaultDeferredDecalMaterial.uasset" 143
"../../../Engine/Content/EngineMaterials/DefaultDeferredDecalMaterial.uexp" 144
"../../../Engine/Content/EngineMaterials/DefaultBokeh.uasset" 145
"../../../Engine/Content/EngineMaterials/DefaultBokeh.uexp" 146
"../../../Engine/Content/EngineMaterials/DefaultBloomKernel.uasset" 147
"../../../Engine/Content/EngineMaterials/DefaultBloomKernel.uexp" 148
"../../../Engine/Content/EngineMaterials/BlueNoise.uasset" 149
"../../../Engine/Content/EngineMaterials/BlueNoise.uexp" 150
"../../../Engine/Content/EngineFonts/Faces/RobotoLight.uexp" 151
"../../../Engine/Content/EngineFonts/Faces/RobotoLight.uasset" 152
"../../../Engine/Content/EngineFonts/Faces/RobotoLight.ufont" 153
"../../../Engine/Content/EngineFonts/Faces/RobotoBold.uexp" 154
"../../../Engine/Content/EngineFonts/Faces/RobotoBold.uasset" 155
"../../../Engine/Content/EngineFonts/Faces/RobotoBold.ufont" 156
"../../../Engine/Content/EngineFonts/Faces/RobotoRegular.uexp" 157
"../../../Engine/Content/EngineFonts/Faces/RobotoRegular.uasset" 158
"../../../Engine/Content/EngineFonts/Faces/RobotoRegular.ufont" 159
"../../../Engine/Content/EngineFonts/Faces/DroidSansFallback.uexp" 160
"../../../Engine/Content/EngineFonts/Faces/DroidSansFallback.uasset" 161
"../../../Engine/Content/EngineFonts/Faces/DroidSansFallback.ufont" 162
"../../../Engine/Content/EngineFonts/Faces/RobotoItalic.uexp" 163
"../../../Engine/Content/EngineFonts/Faces/RobotoItalic.uasset" 164
"../../../Engine/Content/EngineFonts/Faces/RobotoItalic.ufont" 165
"../../../Engine/Content/EngineFonts/Faces/RobotoBoldItalic.uexp" 166
"../../../Engine/Content/EngineFonts/Faces/RobotoBoldItalic.uasset" 167
"../../../Engine/Content/EngineFonts/Faces/RobotoBoldItalic.ufont" 168
"../../../Engine/Content/EngineFonts/Roboto.uasset" 169
"../../../Engine/Content/EngineFonts/Roboto.uexp" 170
"../../../Engine/Content/Functions/Engine_MaterialFunctions02/Utility/CameraDirectionVector.uasset" 171
"../../../Engine/Content/Functions/Engine_MaterialFunctions02/Utility/CameraDirectionVector.uexp" 172
"../../../Engine/Content/EngineDebugMaterials/VolumeToRender.uasset" 173
"../../../Engine/Content/EngineDebugMaterials/VolumeToRender.uexp" 174
"../../../Engine/Content/EngineDebugMaterials/M_VolumeRenderSphereTracePP.uasset" 175
"../../../Engine/Content/EngineDebugMaterials/M_VolumeRenderSphereTracePP.uexp" 176
"../../../Engine/Content/EngineDebugMaterials/M_SimpleUnlitTranslucent.uasset" 177
"../../../Engine/Content/EngineDebugMaterials/M_SimpleUnlitTranslucent.uexp" 178
"../../../Engine/Content/EngineDebugMaterials/DebugMeshMaterial.uasset" 179
"../../../Engine/Content/EngineDebugMaterials/DebugMeshMaterial.uexp" 180
"../../../Engine/Content/EngineDebugMaterials/DebugEditorMaterial.uasset" 181
"../../../Engine/Content/EngineDebugMaterials/DebugEditorMaterial.uexp" 182
"../../../Engine/Content/EngineDamageTypes/DmgTypeBP_Environmental.uasset" 183
"../../../Engine/Content/EngineDamageTypes/DmgTypeBP_Environmental.uexp" 184
"../../../Engine/Content/EditorResources/S_TriggerSphere.uasset" 185
"../../../Engine/Content/EditorResources/S_TriggerSphere.uexp" 186
"../../../Engine/Content/EditorResources/S_TriggerCapsule.uasset" 187
"../../../Engine/Content/EditorResources/S_TriggerCapsule.uexp" 188
"../../../Engine/Content/EditorResources/S_TriggerBox.uasset" 189
"../../../Engine/Content/EditorResources/S_TriggerBox.uexp" 190
"../../../Engine/Content/EditorResources/S_Trigger.ubulk" 191
"../../../Engine/Content/EditorResources/S_Trigger.uasset" 192
"../../../Engine/Content/EditorResources/S_Trigger.uexp" 193
"../../../Engine/Content/EditorResources/S_Terrain.ubulk" 194
"../../../Engine/Content/EditorResources/S_Terrain.uasset" 195
"../../../Engine/Content/EditorResources/S_Terrain.uexp" 196
"../../../Engine/Content/EditorResources/S_Solver.ubulk" 197
"../../../Engine/Content/EditorResources/S_Solver.uasset" 198
"../../../Engine/Content/EditorResources/S_Solver.uexp" 199
"../../../Engine/Content/EditorResources/S_BoxReflectionCapture.uasset" 200
"../../../Engine/Content/EditorResources/S_BoxReflectionCapture.uexp" 201
"../../../Engine/Content/EditorResources/S_Actor.ubulk" 202
"../../../Engine/Content/EditorResources/S_Actor.uasset" 203
"../../../Engine/Content/EditorResources/S_Actor.uexp" 204
"../../../Engine/Content/EditorResources/EmptyActor.uasset" 205
"../../../Engine/Content/EditorResources/EmptyActor.uexp" 206
"../../../Engine/Content/EditorResources/BSPVertex.uasset" 207
"../../../Engine/Content/EditorResources/BSPVertex.uexp" 208
"../../../Engine/Content/EditorResources/SequenceRecorder/RecordingIndicator.uasset" 209
"../../../Engine/Content/EditorResources/SequenceRecorder/RecordingIndicator.uexp" 210
"../../../Engine/Content/EditorResources/SequenceRecorder/Countdown.uasset" 211
"../../../Engine/Content/EditorResources/SequenceRecorder/Countdown.uexp" 212
"../../../Engine/Content/EditorResources/LightIcons/S_LightError.uasset" 213
"../../../Engine/Content/EditorResources/LightIcons/S_LightError.uexp" 214
"../../../Engine/Content/EditorMaterials/Camera/CineMat.uasset" 215
"../../../Engine/Content/EditorMaterials/Camera/CineMat.uexp" 216
"../../../Engine/Content/EditorMaterials/Camera/MI_CineMat_Rig.uasset" 217
"../../../Engine/Content/EditorMaterials/Camera/MI_CineMat_Rig.uexp" 218
"../../../Engine/Content/EditorMeshes/Camera/SM_RailRig_Track.ubulk" 219
"../../../Engine/Content/EditorMeshes/Camera/SM_RailRig_Track.uasset" 220
"../../../Engine/Content/EditorMeshes/Camera/SM_RailRig_Track.uexp" 221
"../../../Engine/Content/EditorMeshes/Camera/SM_RailRig_Mount.ubulk" 222
"../../../Engine/Content/EditorMeshes/Camera/SM_RailRig_Mount.uasset" 223
"../../../Engine/Content/EditorMeshes/Camera/SM_RailRig_Mount.uexp" 224
"../../../Engine/Content/EditorMeshes/Camera/SM_CraneRig_Mount.ubulk" 225
"../../../Engine/Content/EditorMeshes/Camera/SM_CraneRig_Mount.uasset" 226
"../../../Engine/Content/EditorMeshes/Camera/SM_CraneRig_Mount.uexp" 227
"../../../Engine/Content/EditorMeshes/Camera/SM_CraneRig_Body.ubulk" 228
"../../../Engine/Content/EditorMeshes/Camera/SM_CraneRig_Body.uasset" 229
"../../../Engine/Content/EditorMeshes/Camera/SM_CraneRig_Body.uexp" 230
"../../../Engine/Content/EditorMeshes/Camera/SM_CraneRig_Base.ubulk" 231
"../../../Engine/Content/EditorMeshes/Camera/SM_CraneRig_Base.uasset" 232
"../../../Engine/Content/EditorMeshes/Camera/SM_CraneRig_Base.uexp" 233
"../../../Engine/Content/EditorMeshes/Camera/SM_CraneRig_Arm.ubulk" 234
"../../../Engine/Content/EditorMeshes/Camera/SM_CraneRig_Arm.uasset" 235
"../../../Engine/Content/EditorMeshes/Camera/SM_CraneRig_Arm.uexp" 236
"../../../Engine/Content/EditorMaterials/PreviewShadowIndicator.ubulk" 237
"../../../Engine/Content/EditorMaterials/PreviewShadowIndicator.uasset" 238
"../../../Engine/Content/EditorMaterials/PreviewShadowIndicator.uexp" 239
"../../../Engine/Content/EditorMaterials/PreviewShadowIndicatorMaterial.uasset" 240
"../../../Engine/Content/EditorMaterials/PreviewShadowIndicatorMaterial.uexp" 241
"../../../Engine/Content/EditorMaterials/MAT_Groups_Visibility.uasset" 242
"../../../Engine/Content/EditorMaterials/MAT_Groups_Visibility.uexp" 243
"../../../Engine/Content/EditorMaterials/MAT_Groups_Toggle.uasset" 244
"../../../Engine/Content/EditorMaterials/MAT_Groups_Toggle.uexp" 245
"../../../Engine/Content/Functions/Engine_MaterialFunctions02/Utility/MakeFloat4.uasset" 246
"../../../Engine/Content/Functions/Engine_MaterialFunctions02/Utility/MakeFloat4.uexp" 247
"../../../Engine/Content/Functions/Engine_MaterialFunctions02/Utility/MakeFloat3.uasset" 248
"../../../Engine/Content/Functions/Engine_MaterialFunctions02/Utility/MakeFloat3.uexp" 249
"../../../Engine/Content/Functions/Engine_MaterialFunctions02/Utility/BreakOutFloat3Components.uasset" 250
"../../../Engine/Content/Functions/Engine_MaterialFunctions02/Utility/BreakOutFloat3Components.uexp" 251
"../../../Engine/Content/EditorMaterials/WorldPartition/WorldPartitionSpatialHashGridPreviewMaterial.uasset" 252
"../../../Engine/Content/EditorMaterials/WorldPartition/WorldPartitionSpatialHashGridPreviewMaterial.uexp" 253
"../../../Engine/Content/EditorMaterials/ParticleSystems/PSysThumbnail_OOD.ubulk" 254
"../../../Engine/Content/EditorMaterials/ParticleSystems/PSysThumbnail_OOD.uasset" 255
"../../../Engine/Content/EditorMaterials/ParticleSystems/PSysThumbnail_OOD.uexp" 256
"../../../Engine/Content/EditorMaterials/ParticleSystems/PSysThumbnail_NoImage.ubulk" 257
"../../../Engine/Content/EditorMaterials/ParticleSystems/PSysThumbnail_NoImage.uasset" 258
"../../../Engine/Content/EditorMaterials/ParticleSystems/PSysThumbnail_NoImage.uexp" 259
"../../../Engine/Content/EditorMaterials/MatineeGroups/MAT_Groups_Vector.uasset" 260
"../../../Engine/Content/EditorMaterials/MatineeGroups/MAT_Groups_Vector.uexp" 261
"../../../Engine/Content/EditorMaterials/MatineeGroups/MAT_Groups_Sound.uasset" 262
"../../../Engine/Content/EditorMaterials/MatineeGroups/MAT_Groups_Sound.uexp" 263
"../../../Engine/Content/EditorMaterials/MatineeGroups/MAT_Groups_Slomo.uasset" 264
"../../../Engine/Content/EditorMaterials/MatineeGroups/MAT_Groups_Slomo.uexp" 265
"../../../Engine/Content/EditorMaterials/MatineeGroups/MAT_Groups_Move.uasset" 266
"../../../Engine/Content/EditorMaterials/MatineeGroups/MAT_Groups_Move.uexp" 267
"../../../Engine/Content/EditorMaterials/MatineeGroups/MAT_Groups_Float.uasset" 268
"../../../Engine/Content/EditorMaterials/MatineeGroups/MAT_Groups_Float.uexp" 269
"../../../Engine/Content/EditorMaterials/MatineeGroups/MAT_Groups_Fade.uasset" 270
"../../../Engine/Content/EditorMaterials/MatineeGroups/MAT_Groups_Fade.uexp" 271
"../../../Engine/Content/EditorMaterials/MatineeGroups/MAT_Groups_Event.uasset" 272
"../../../Engine/Content/EditorMaterials/MatineeGroups/MAT_Groups_Event.uexp" 273
"../../../Engine/Content/EditorMaterials/MatineeGroups/MAT_Groups_Director.uasset" 274
"../../../Engine/Content/EditorMaterials/MatineeGroups/MAT_Groups_Director.uexp" 275
"../../../Engine/Content/EditorMaterials/MatineeGroups/MAT_Groups_AudioMaster.uasset" 276
"../../../Engine/Content/EditorMaterials/MatineeGroups/MAT_Groups_AudioMaster.uexp" 277
"../../../Engine/Content/EditorMaterials/MatineeGroups/MAT_Groups_Anim.uasset" 278
"../../../Engine/Content/EditorMaterials/MatineeGroups/MAT_Groups_Anim.uexp" 279
"../../../Engine/Content/EditorMaterials/MatineeGroups/MAT_ColorTrack.uasset" 280
"../../../Engine/Content/EditorMaterials/MatineeGroups/MAT_ColorTrack.uexp" 281
"../../../Engine/Content/EditorLandscapeResources/DefaultAlphaTexture.uasset" 282
"../../../Engine/Content/EditorLandscapeResources/DefaultAlphaTexture.uexp" 283
"../../../Engine/Content/EditorLandscapeResources/DataLayer.uasset" 284
"../../../Engine/Content/EditorLandscapeResources/DataLayer.uexp" 285
"../../../Engine/Content/EngineMaterials/T_Default_Material_Grid_M.ubulk" 286
"../../../Engine/Content/EngineMaterials/T_Default_Material_Grid_M.uasset" 287
"../../../Engine/Content/EngineMaterials/T_Default_Material_Grid_M.uexp" 288
"../../../Engine/Content/EngineMaterials/T_Default_Material_Grid_N.ubulk" 289
"../../../Engine/Content/EngineMaterials/T_Default_Material_Grid_N.uasset" 290
"../../../Engine/Content/EngineMaterials/T_Default_Material_Grid_N.uexp" 291
"../../../Engine/Content/Functions/Engine_MaterialFunctions01/Opacity/CameraDepthFade.uasset" 292
"../../../Engine/Content/Functions/Engine_MaterialFunctions01/Opacity/CameraDepthFade.uexp" 293
"../../../Engine/Content/EngineMaterials/WorldGridMaterial.uasset" 294
"../../../Engine/Content/EngineMaterials/WorldGridMaterial.uexp" 295
"../../../Engine/Content/BasicShapes/Plane.ubulk" 296
"../../../Engine/Content/BasicShapes/Plane.uasset" 297
"../../../Engine/Content/BasicShapes/Plane.uexp" 298
"../../../Engine/Content/EngineMaterials/DefaultMaterial.uasset" 299
"../../../Engine/Content/EngineMaterials/DefaultMaterial.uexp" 300
"../../../Engine/Content/BasicShapes/Cylinder.ubulk" 301
"../../../Engine/Content/BasicShapes/Cylinder.uasset" 302
"../../../Engine/Content/BasicShapes/Cylinder.uexp" 303
"../../../Engine/Content/BasicShapes/Cone.ubulk" 304
"../../../Engine/Content/BasicShapes/Cone.uasset" 305
"../../../Engine/Content/BasicShapes/Cone.uexp" 306
"../../../Engine/Content/ArtTools/RenderToTexture/Meshes/S_1_Unit_Plane.ubulk" 307
"../../../Engine/Content/ArtTools/RenderToTexture/Meshes/S_1_Unit_Plane.uasset" 308
"../../../Engine/Content/ArtTools/RenderToTexture/Meshes/S_1_Unit_Plane.uexp" 309
"../../../Engine/Content/MobileResources/HUD/VirtualJoystick_Background.uasset" 310
"../../../Engine/Content/MobileResources/HUD/VirtualJoystick_Background.uexp" 311
"../../../Engine/Content/MobileResources/HUD/VirtualJoystick_Thumb.uasset" 312
"../../../Engine/Content/MobileResources/HUD/VirtualJoystick_Thumb.uexp" 313
"../../../Engine/Content/MobileResources/HUD/DefaultVirtualJoysticks.uasset" 314
"../../../Engine/Content/MobileResources/HUD/DefaultVirtualJoysticks.uexp" 315
"../../../Engine/Content/Tutorial/ContentIntroCurve.uasset" 316
"../../../Engine/Content/Tutorial/ContentIntroCurve.uexp" 317
"../../../Engine/Content/VREditor/TransformGizmo/Main.uasset" 318
"../../../Engine/Content/VREditor/TransformGizmo/Main.uexp" 319
"../../../Engine/Content/VREditor/TransformGizmo/Xray.uasset" 320
"../../../Engine/Content/VREditor/TransformGizmo/Xray.uexp" 321
"../../../Engine/Content/VREditor/TransformGizmo/SM_Sequencer_Node.ubulk" 322
"../../../Engine/Content/VREditor/TransformGizmo/SM_Sequencer_Node.uasset" 323
"../../../Engine/Content/VREditor/TransformGizmo/SM_Sequencer_Node.uexp" 324
"../../../Engine/Content/VREditor/LaserPointer/VR_LaserPower_01.ubulk" 325
"../../../Engine/Content/VREditor/LaserPointer/VR_LaserPower_01.uasset" 326
"../../../Engine/Content/VREditor/LaserPointer/VR_LaserPower_01.uexp" 327
"../../../Engine/Content/VREditor/TransformGizmo/TransformGizmoMaterial.uasset" 328
"../../../Engine/Content/VREditor/TransformGizmo/TransformGizmoMaterial.uexp" 329
"../../../Engine/Content/VREditor/TransformGizmo/TranslucentTransformGizmoMaterial.uasset" 330
"../../../Engine/Content/VREditor/TransformGizmo/TranslucentTransformGizmoMaterial.uexp" 331
"../../../Engine/Content/VREditor/TransformGizmo/PlaneTranslationHandle.ubulk" 332
"../../../Engine/Content/VREditor/TransformGizmo/PlaneTranslationHandle.uasset" 333
"../../../Engine/Content/VREditor/TransformGizmo/PlaneTranslationHandle.uexp" 334
"../../../Engine/Content/VREditor/TransformGizmo/BoundingBoxEdge.ubulk" 335
"../../../Engine/Content/VREditor/TransformGizmo/BoundingBoxEdge.uasset" 336
"../../../Engine/Content/VREditor/TransformGizmo/BoundingBoxEdge.uexp" 337
"../../../Engine/Content/VREditor/TransformGizmo/BoundingBoxCorner.ubulk" 338
"../../../Engine/Content/VREditor/TransformGizmo/BoundingBoxCorner.uasset" 339
"../../../Engine/Content/VREditor/TransformGizmo/BoundingBoxCorner.uexp" 340
"../../../Engine/Plugins/2D/Paper2D/Content/PlaceholderTextures/DummySpriteTexture.ubulk" 341
"../../../Engine/Plugins/2D/Paper2D/Content/PlaceholderTextures/DummySpriteTexture.uasset" 342
"../../../Engine/Plugins/2D/Paper2D/Content/PlaceholderTextures/DummySpriteTexture.uexp" 343
"../../../Engine/Plugins/2D/Paper2D/Content/DefaultSpriteMaterial.uasset" 344
"../../../Engine/Plugins/2D/Paper2D/Content/DefaultSpriteMaterial.uexp" 345
"../../../Engine/Plugins/2D/Paper2D/Content/OpaqueUnlitSpriteMaterial.uasset" 346
"../../../Engine/Plugins/2D/Paper2D/Content/OpaqueUnlitSpriteMaterial.uexp" 347
"../../../Engine/Plugins/2D/Paper2D/Content/MaskedUnlitSpriteMaterial.uasset" 348
"../../../Engine/Plugins/2D/Paper2D/Content/MaskedUnlitSpriteMaterial.uexp" 349
"../../../Engine/Plugins/2D/Paper2D/Content/DummySprite.uasset" 350
"../../../Engine/Plugins/2D/Paper2D/Content/DummySprite.uexp" 351
"../../../Engine/Plugins/2D/Paper2D/Content/DefaultPaperTerrainMaterial.uasset" 352
"../../../Engine/Plugins/2D/Paper2D/Content/DefaultPaperTerrainMaterial.uexp" 353
"../../../Engine/Plugins/Animation/ControlRig/Content/M_Manip.uasset" 354
"../../../Engine/Plugins/Animation/ControlRig/Content/M_Manip.uexp" 355
"../../../Engine/Plugins/Animation/ControlRig/Content/Controls/DefaultGizmoLibraryNormalized.uasset" 356
"../../../Engine/Plugins/Animation/ControlRig/Content/Controls/DefaultGizmoLibraryNormalized.uexp" 357
"../../../Engine/Plugins/Animation/ControlRig/Content/Controls/ControlRig_Wedge_solid.ubulk" 358
"../../../Engine/Plugins/Animation/ControlRig/Content/Controls/ControlRig_Wedge_solid.uasset" 359
"../../../Engine/Plugins/Animation/ControlRig/Content/Controls/ControlRig_Wedge_solid.uexp" 360
"../../../Engine/Plugins/Animation/ControlRig/Content/Controls/ControlRig_Wedge_3mm.ubulk" 361
"../../../Engine/Plugins/Animation/ControlRig/Content/Controls/ControlRig_Wedge_3mm.uasset" 362
"../../../Engine/Plugins/Animation/ControlRig/Content/Controls/ControlRig_Wedge_3mm.uexp" 363
"../../../Engine/Plugins/Animation/ControlRig/Content/Controls/ControlRig_Wedge_1mm.ubulk" 364
"../../../Engine/Plugins/Animation/ControlRig/Content/Controls/ControlRig_Wedge_1mm.uasset" 365
"../../../Engine/Plugins/Animation/ControlRig/Content/Controls/ControlRig_Wedge_1mm.uexp" 366
"../../../Engine/Plugins/Animation/ControlRig/Content/Controls/ControlRig_Triangle_solid.ubulk" 367
"../../../Engine/Plugins/Animation/ControlRig/Content/Controls/ControlRig_Triangle_solid.uasset" 368
"../../../Engine/Plugins/Animation/ControlRig/Content/Controls/ControlRig_Triangle_solid.uexp" 369
"../../../Engine/Plugins/Animation/ControlRig/Content/Controls/ControlRig_Triangle_3mm.ubulk" 370
"../../../Engine/Plugins/Animation/ControlRig/Content/Controls/ControlRig_Triangle_3mm.uasset" 371
"../../../Engine/Plugins/Animation/ControlRig/Content/Controls/ControlRig_Triangle_3mm.uexp" 372
"../../../Engine/Plugins/Animation/ControlRig/Content/Controls/ControlRig_Triangle_1mm.ubulk" 373
"../../../Engine/Plugins/Animation/ControlRig/Content/Controls/ControlRig_Triangle_1mm.uasset" 374
"../../../Engine/Plugins/Animation/ControlRig/Content/Controls/ControlRig_Triangle_1mm.uexp" 375
"../../../Engine/Plugins/Animation/ControlRig/Content/Controls/ControlRig_Star4_solid.ubulk" 376
"../../../Engine/Plugins/Animation/ControlRig/Content/Controls/ControlRig_Star4_solid.uasset" 377
"../../../Engine/Plugins/Animation/ControlRig/Content/Controls/ControlRig_Star4_solid.uexp" 378
"../../../Engine/Plugins/Animation/ControlRig/Content/Controls/ControlRig_Star4_3mm.ubulk" 379
"../../../Engine/Plugins/Animation/ControlRig/Content/Controls/ControlRig_Star4_3mm.uasset" 380
"../../../Engine/Plugins/Animation/ControlRig/Content/Controls/ControlRig_Star4_3mm.uexp" 381
"../../../Engine/Plugins/Animation/ControlRig/Content/Controls/ControlRig_Star4_1mm.ubulk" 382
"../../../Engine/Plugins/Animation/ControlRig/Content/Controls/ControlRig_Star4_1mm.uasset" 383
"../../../Engine/Plugins/Animation/ControlRig/Content/Controls/ControlRig_Star4_1mm.uexp" 384
"../../../Engine/Plugins/Animation/ControlRig/Content/Controls/ControlRig_Square_solid.ubulk" 385
"../../../Engine/Plugins/Animation/ControlRig/Content/Controls/ControlRig_Square_solid.uasset" 386
"../../../Engine/Plugins/Animation/ControlRig/Content/Controls/ControlRig_Square_solid.uexp" 387
"../../../Engine/Plugins/Animation/ControlRig/Content/Controls/ControlRig_Square_3mm.ubulk" 388
"../../../Engine/Plugins/Animation/ControlRig/Content/Controls/ControlRig_Square_3mm.uasset" 389
"../../../Engine/Plugins/Animation/ControlRig/Content/Controls/ControlRig_Square_3mm.uexp" 390
"../../../Engine/Plugins/Animation/ControlRig/Content/Controls/ControlRig_Square_1mm.ubulk" 391
"../../../Engine/Plugins/Animation/ControlRig/Content/Controls/ControlRig_Square_1mm.uasset" 392
"../../../Engine/Plugins/Animation/ControlRig/Content/Controls/ControlRig_Square_1mm.uexp" 393
"../../../Engine/Plugins/Animation/ControlRig/Content/Controls/ControlRig_Sphere_solid.ubulk" 394
"../../../Engine/Plugins/Animation/ControlRig/Content/Controls/ControlRig_Sphere_solid.uasset" 395
"../../../Engine/Plugins/Animation/ControlRig/Content/Controls/ControlRig_Sphere_solid.uexp" 396
"../../../Engine/Plugins/Animation/ControlRig/Content/Controls/ControlRig_Sphere_3mm.ubulk" 397
"../../../Engine/Plugins/Animation/ControlRig/Content/Controls/ControlRig_Sphere_3mm.uasset" 398
"../../../Engine/Plugins/Animation/ControlRig/Content/Controls/ControlRig_Sphere_3mm.uexp" 399
"../../../Engine/Plugins/Animation/ControlRig/Content/Controls/ControlRig_Sphere_1mm.ubulk" 400
"../../../Engine/Plugins/Animation/ControlRig/Content/Controls/ControlRig_Sphere_1mm.uasset" 401
"../../../Engine/Plugins/Animation/ControlRig/Content/Controls/ControlRig_Sphere_1mm.uexp" 402
"../../../Engine/Plugins/Animation/ControlRig/Content/Controls/ControlRig_RoundedTriangle_solid.ubulk" 403
"../../../Engine/Plugins/Animation/ControlRig/Content/Controls/ControlRig_RoundedTriangle_solid.uasset" 404
"../../../Engine/Plugins/Animation/ControlRig/Content/Controls/ControlRig_RoundedTriangle_solid.uexp" 405
"../../../Engine/Plugins/Animation/ControlRig/Content/Controls/ControlRig_RoundedTriangle_3mm.ubulk" 406
"../../../Engine/Plugins/Animation/ControlRig/Content/Controls/ControlRig_RoundedTriangle_3mm.uasset" 407
"../../../Engine/Plugins/Animation/ControlRig/Content/Controls/ControlRig_RoundedTriangle_3mm.uexp" 408
"../../../Engine/Plugins/Animation/ControlRig/Content/Controls/ControlRig_RoundedTriangle_1mm.ubulk" 409
"../../../Engine/Plugins/Animation/ControlRig/Content/Controls/ControlRig_RoundedTriangle_1mm.uasset" 410
"../../../Engine/Plugins/Animation/ControlRig/Content/Controls/ControlRig_RoundedTriangle_1mm.uexp" 411
"../../../Engine/Plugins/Animation/ControlRig/Content/Controls/ControlRig_RoundedSquare_solid.ubulk" 412
"../../../Engine/Plugins/Animation/ControlRig/Content/Controls/ControlRig_RoundedSquare_solid.uasset" 413
"../../../Engine/Plugins/Animation/ControlRig/Content/Controls/ControlRig_RoundedSquare_solid.uexp" 414
"../../../Engine/Plugins/Animation/ControlRig/Content/Controls/ControlRig_RoundedSquare_3mm.ubulk" 415
"../../../Engine/Plugins/Animation/ControlRig/Content/Controls/ControlRig_RoundedSquare_3mm.uasset" 416
"../../../Engine/Plugins/Animation/ControlRig/Content/Controls/ControlRig_RoundedSquare_3mm.uexp" 417
"../../../Engine/Plugins/Animation/ControlRig/Content/Controls/ControlRig_RoundedSquare_1mm.ubulk" 418
"../../../Engine/Plugins/Animation/ControlRig/Content/Controls/ControlRig_RoundedSquare_1mm.uasset" 419
"../../../Engine/Plugins/Animation/ControlRig/Content/Controls/ControlRig_RoundedSquare_1mm.uexp" 420
"../../../Engine/Plugins/Animation/ControlRig/Content/Controls/ControlRig_QuarterCircle_solid.ubulk" 421
"../../../Engine/Plugins/Animation/ControlRig/Content/Controls/ControlRig_QuarterCircle_solid.uasset" 422
"../../../Engine/Plugins/Animation/ControlRig/Content/Controls/ControlRig_QuarterCircle_solid.uexp" 423
"../../../Engine/Plugins/Animation/ControlRig/Content/Controls/ControlRig_QuarterCircle_3mm.ubulk" 424
"../../../Engine/Plugins/Animation/ControlRig/Content/Controls/ControlRig_QuarterCircle_3mm.uasset" 425
"../../../Engine/Plugins/Animation/ControlRig/Content/Controls/ControlRig_QuarterCircle_3mm.uexp" 426
"../../../Engine/Plugins/Animation/ControlRig/Content/Controls/ControlRig_QuarterCircle_1mm.ubulk" 427
"../../../Engine/Plugins/Animation/ControlRig/Content/Controls/ControlRig_QuarterCircle_1mm.uasset" 428
"../../../Engine/Plugins/Animation/ControlRig/Content/Controls/ControlRig_QuarterCircle_1mm.uexp" 429
"../../../Engine/Plugins/Animation/ControlRig/Content/Controls/ControlRig_Pyramid_solid.ubulk" 430
"../../../Engine/Plugins/Animation/ControlRig/Content/Controls/ControlRig_Pyramid_solid.uasset" 431
"../../../Engine/Plugins/Animation/ControlRig/Content/Controls/ControlRig_Pyramid_solid.uexp" 432
"../../../Engine/Plugins/Animation/ControlRig/Content/Controls/ControlRig_Pyramid_3mm.ubulk" 433
"../../../Engine/Plugins/Animation/ControlRig/Content/Controls/ControlRig_Pyramid_3mm.uasset" 434
"../../../Engine/Plugins/Animation/ControlRig/Content/Controls/ControlRig_Pyramid_3mm.uexp" 435
"../../../Engine/Plugins/Animation/ControlRig/Content/Controls/ControlRig_Pyramid_1mm.ubulk" 436
"../../../Engine/Plugins/Animation/ControlRig/Content/Controls/ControlRig_Pyramid_1mm.uasset" 437
"../../../Engine/Plugins/Animation/ControlRig/Content/Controls/ControlRig_Pyramid_1mm.uexp" 438
"../../../Engine/Plugins/Animation/ControlRig/Content/Controls/ControlRig_Octagon_solid.ubulk" 439
"../../../Engine/Plugins/Animation/ControlRig/Content/Controls/ControlRig_Octagon_solid.uasset" 440
"../../../Engine/Plugins/Animation/ControlRig/Content/Controls/ControlRig_Octagon_solid.uexp" 441
"../../../Engine/Plugins/Animation/ControlRig/Content/Controls/ControlRig_Octagon_3mm.ubulk" 442
"../../../Engine/Plugins/Animation/ControlRig/Content/Controls/ControlRig_Octagon_3mm.uasset" 443
"../../../Engine/Plugins/Animation/ControlRig/Content/Controls/ControlRig_Octagon_3mm.uexp" 444
"../../../Engine/Plugins/Animation/ControlRig/Content/Controls/ControlRig_Octagon_1mm.ubulk" 445
"../../../Engine/Plugins/Animation/ControlRig/Content/Controls/ControlRig_Octagon_1mm.uasset" 446
"../../../Engine/Plugins/Animation/ControlRig/Content/Controls/ControlRig_Octagon_1mm.uexp" 447
"../../../Engine/Plugins/Animation/ControlRig/Content/Controls/ControlRig_Hexagon_solid.ubulk" 448
"../../../Engine/Plugins/Animation/ControlRig/Content/Controls/ControlRig_Hexagon_solid.uasset" 449
"../../../Engine/Plugins/Animation/ControlRig/Content/Controls/ControlRig_Hexagon_solid.uexp" 450
"../../../Engine/Plugins/Animation/ControlRig/Content/Controls/ControlRig_Hexagon_3mm.ubulk" 451
"../../../Engine/Plugins/Animation/ControlRig/Content/Controls/ControlRig_Hexagon_3mm.uasset" 452
"../../../Engine/Plugins/Animation/ControlRig/Content/Controls/ControlRig_Hexagon_3mm.uexp" 453
"../../../Engine/Plugins/Animation/ControlRig/Content/Controls/ControlRig_Hexagon_1mm.ubulk" 454
"../../../Engine/Plugins/Animation/ControlRig/Content/Controls/ControlRig_Hexagon_1mm.uasset" 455
"../../../Engine/Plugins/Animation/ControlRig/Content/Controls/ControlRig_Hexagon_1mm.uexp" 456
"../../../Engine/Plugins/Animation/ControlRig/Content/Controls/ControlRig_HalfCircle_solid.ubulk" 457
"../../../Engine/Plugins/Animation/ControlRig/Content/Controls/ControlRig_HalfCircle_solid.uasset" 458
"../../../Engine/Plugins/Animation/ControlRig/Content/Controls/ControlRig_HalfCircle_solid.uexp" 459
"../../../Engine/Plugins/Animation/ControlRig/Content/Controls/ControlRig_HalfCircle_3mm.ubulk" 460
"../../../Engine/Plugins/Animation/ControlRig/Content/Controls/ControlRig_HalfCircle_3mm.uasset" 461
"../../../Engine/Plugins/Animation/ControlRig/Content/Controls/ControlRig_HalfCircle_3mm.uexp" 462
"../../../Engine/Plugins/Animation/ControlRig/Content/Controls/ControlRig_HalfCircle_1mm.ubulk" 463
"../../../Engine/Plugins/Animation/ControlRig/Content/Controls/ControlRig_HalfCircle_1mm.uasset" 464
"../../../Engine/Plugins/Animation/ControlRig/Content/Controls/ControlRig_HalfCircle_1mm.uexp" 465
"../../../Engine/Plugins/Animation/ControlRig/Content/Controls/ControlRig_Diamond_solid.ubulk" 466
"../../../Engine/Plugins/Animation/ControlRig/Content/Controls/ControlRig_Diamond_solid.uasset" 467
"../../../Engine/Plugins/Animation/ControlRig/Content/Controls/ControlRig_Diamond_solid.uexp" 468
"../../../Engine/Plugins/Animation/ControlRig/Content/Controls/ControlRig_Diamond_3mm.ubulk" 469
"../../../Engine/Plugins/Animation/ControlRig/Content/Controls/ControlRig_Diamond_3mm.uasset" 470
"../../../Engine/Plugins/Animation/ControlRig/Content/Controls/ControlRig_Diamond_3mm.uexp" 471
"../../../Engine/Plugins/Animation/ControlRig/Content/Controls/ControlRig_Diamond_1mm.ubulk" 472
"../../../Engine/Plugins/Animation/ControlRig/Content/Controls/ControlRig_Diamond_1mm.uasset" 473
"../../../Engine/Plugins/Animation/ControlRig/Content/Controls/ControlRig_Diamond_1mm.uexp" 474
"../../../Engine/Plugins/Animation/ControlRig/Content/Controls/ControlRig_Circle_solid.ubulk" 475
"../../../Engine/Plugins/Animation/ControlRig/Content/Controls/ControlRig_Circle_solid.uasset" 476
"../../../Engine/Plugins/Animation/ControlRig/Content/Controls/ControlRig_Circle_solid.uexp" 477
"../../../Engine/Plugins/Animation/ControlRig/Content/Controls/ControlRig_Circle_3mm.ubulk" 478
"../../../Engine/Plugins/Animation/ControlRig/Content/Controls/ControlRig_Circle_3mm.uasset" 479
"../../../Engine/Plugins/Animation/ControlRig/Content/Controls/ControlRig_Circle_3mm.uexp" 480
"../../../Engine/Plugins/Animation/ControlRig/Content/Controls/ControlRig_Circle_1mm.ubulk" 481
"../../../Engine/Plugins/Animation/ControlRig/Content/Controls/ControlRig_Circle_1mm.uasset" 482
"../../../Engine/Plugins/Animation/ControlRig/Content/Controls/ControlRig_Circle_1mm.uexp" 483
"../../../Engine/Plugins/Animation/ControlRig/Content/Controls/ControlRig_Box_solid.ubulk" 484
"../../../Engine/Plugins/Animation/ControlRig/Content/Controls/ControlRig_Box_solid.uasset" 485
"../../../Engine/Plugins/Animation/ControlRig/Content/Controls/ControlRig_Box_solid.uexp" 486
"../../../Engine/Plugins/Animation/ControlRig/Content/Controls/ControlRig_Box_3mm.ubulk" 487
"../../../Engine/Plugins/Animation/ControlRig/Content/Controls/ControlRig_Box_3mm.uasset" 488
"../../../Engine/Plugins/Animation/ControlRig/Content/Controls/ControlRig_Box_3mm.uexp" 489
"../../../Engine/Plugins/Animation/ControlRig/Content/Controls/ControlRig_Box_1mm.ubulk" 490
"../../../Engine/Plugins/Animation/ControlRig/Content/Controls/ControlRig_Box_1mm.uasset" 491
"../../../Engine/Plugins/Animation/ControlRig/Content/Controls/ControlRig_Box_1mm.uexp" 492
"../../../Engine/Plugins/Animation/ControlRig/Content/Controls/ControlRig_Arrow_solid.ubulk" 493
"../../../Engine/Plugins/Animation/ControlRig/Content/Controls/ControlRig_Arrow_solid.uasset" 494
"../../../Engine/Plugins/Animation/ControlRig/Content/Controls/ControlRig_Arrow_solid.uexp" 495
"../../../Engine/Plugins/Animation/ControlRig/Content/Controls/ControlRig_Arrow_3mm.ubulk" 496
"../../../Engine/Plugins/Animation/ControlRig/Content/Controls/ControlRig_Arrow_3mm.uasset" 497
"../../../Engine/Plugins/Animation/ControlRig/Content/Controls/ControlRig_Arrow_3mm.uexp" 498
"../../../Engine/Plugins/Animation/ControlRig/Content/Controls/ControlRig_Arrow_1mm.ubulk" 499
"../../../Engine/Plugins/Animation/ControlRig/Content/Controls/ControlRig_Arrow_1mm.uasset" 500
"../../../Engine/Plugins/Animation/ControlRig/Content/Controls/ControlRig_Arrow_1mm.uexp" 501
"../../../Engine/Plugins/Animation/ControlRig/Content/Controls/ControlRig_Arrow4_solid.ubulk" 502
"../../../Engine/Plugins/Animation/ControlRig/Content/Controls/ControlRig_Arrow4_solid.uasset" 503
"../../../Engine/Plugins/Animation/ControlRig/Content/Controls/ControlRig_Arrow4_solid.uexp" 504
"../../../Engine/Plugins/Animation/ControlRig/Content/Controls/ControlRig_Arrow4_3mm.ubulk" 505
"../../../Engine/Plugins/Animation/ControlRig/Content/Controls/ControlRig_Arrow4_3mm.uasset" 506
"../../../Engine/Plugins/Animation/ControlRig/Content/Controls/ControlRig_Arrow4_3mm.uexp" 507
"../../../Engine/Plugins/Animation/ControlRig/Content/Controls/ControlRig_Arrow4_1mm.ubulk" 508
"../../../Engine/Plugins/Animation/ControlRig/Content/Controls/ControlRig_Arrow4_1mm.uasset" 509
"../../../Engine/Plugins/Animation/ControlRig/Content/Controls/ControlRig_Arrow4_1mm.uexp" 510
"../../../Engine/Plugins/Animation/ControlRig/Content/Controls/ControlRig_Arrow2_solid.ubulk" 511
"../../../Engine/Plugins/Animation/ControlRig/Content/Controls/ControlRig_Arrow2_solid.uasset" 512
"../../../Engine/Plugins/Animation/ControlRig/Content/Controls/ControlRig_Arrow2_solid.uexp" 513
"../../../Engine/Plugins/Animation/ControlRig/Content/Controls/ControlRig_Arrow2_3mm.ubulk" 514
"../../../Engine/Plugins/Animation/ControlRig/Content/Controls/ControlRig_Arrow2_3mm.uasset" 515
"../../../Engine/Plugins/Animation/ControlRig/Content/Controls/ControlRig_Arrow2_3mm.uexp" 516
"../../../Engine/Plugins/Animation/ControlRig/Content/Controls/ControlRig_Arrow2_1mm.ubulk" 517
"../../../Engine/Plugins/Animation/ControlRig/Content/Controls/ControlRig_Arrow2_1mm.uasset" 518
"../../../Engine/Plugins/Animation/ControlRig/Content/Controls/ControlRig_Arrow2_1mm.uexp" 519
"../../../Engine/Plugins/Animation/ControlRig/Content/Controls/ControlRigGizmoMaterial.uasset" 520
"../../../Engine/Plugins/Animation/ControlRig/Content/Controls/ControlRigGizmoMaterial.uexp" 521
"../../../Engine/Plugins/Editor/SpeedTreeImporter/Content/SpeedTree9/game_wind_noise.ubulk" 522
"../../../Engine/Plugins/Editor/SpeedTreeImporter/Content/SpeedTree9/game_wind_noise.uasset" 523
"../../../Engine/Plugins/Editor/SpeedTreeImporter/Content/SpeedTree9/game_wind_noise.uexp" 524
"../../../Engine/Plugins/Editor/SpeedTreeImporter/Content/SpeedTree9/UnpackDirection.uasset" 525
"../../../Engine/Plugins/Editor/SpeedTreeImporter/Content/SpeedTree9/UnpackDirection.uexp" 526
"../../../Engine/Content/Functions/Engine_MaterialFunctions02/ObjectLocalBounds.uasset" 527
"../../../Engine/Content/Functions/Engine_MaterialFunctions02/ObjectLocalBounds.uexp" 528
"../../../Engine/Content/Functions/Engine_MaterialFunctions02/UVs/BoundingBoxBased_0-1_UVW.uasset" 529
"../../../Engine/Content/Functions/Engine_MaterialFunctions02/UVs/BoundingBoxBased_0-1_UVW.uexp" 530
"../../../Engine/Content/Functions/Engine_MaterialFunctions02/Utility/VectorLength.uasset" 531
"../../../Engine/Content/Functions/Engine_MaterialFunctions02/Utility/VectorLength.uexp" 532
"../../../Engine/Plugins/Editor/SpeedTreeImporter/Content/SpeedTree9/UnpackInteger3.uasset" 533
"../../../Engine/Plugins/Editor/SpeedTreeImporter/Content/SpeedTree9/UnpackInteger3.uexp" 534
"../../../Engine/Plugins/Editor/SpeedTreeImporter/Content/SpeedTree9/SpeedTreeCameraFacing.uasset" 535
"../../../Engine/Plugins/Editor/SpeedTreeImporter/Content/SpeedTree9/SpeedTreeCameraFacing.uexp" 536
"../../../Engine/Content/Functions/Engine_MaterialFunctions02/WorldPositionOffset/ObjectScale.uasset" 537
"../../../Engine/Content/Functions/Engine_MaterialFunctions02/WorldPositionOffset/ObjectScale.uexp" 538
"../../../Engine/Content/Functions/Engine_MaterialFunctions02/SafeNormalize.uasset" 539
"../../../Engine/Content/Functions/Engine_MaterialFunctions02/SafeNormalize.uexp" 540
"../../../Engine/Plugins/Editor/SpeedTreeImporter/Content/SpeedTree9/SpeedTreeWindMotion.uasset" 541
"../../../Engine/Plugins/Editor/SpeedTreeImporter/Content/SpeedTree9/SpeedTreeWindMotion.uexp" 542
"../../../Engine/Plugins/Editor/SpeedTreeImporter/Content/SpeedTree9/SpeedTreeBranchMotion.uasset" 543
"../../../Engine/Plugins/Editor/SpeedTreeImporter/Content/SpeedTree9/SpeedTreeBranchMotion.uexp" 544
"../../../Engine/Plugins/Editor/SpeedTreeImporter/Content/SpeedTree9/SpeedTreeWind.uasset" 545
"../../../Engine/Plugins/Editor/SpeedTreeImporter/Content/SpeedTree9/SpeedTreeWind.uexp" 546
"../../../Engine/Plugins/Editor/SpeedTreeImporter/Content/SpeedTree9/EmptyNormal.uasset" 547
"../../../Engine/Plugins/Editor/SpeedTreeImporter/Content/SpeedTree9/EmptyNormal.uexp" 548
"../../../Engine/Plugins/Editor/SpeedTreeImporter/Content/SpeedTree9/Empty.uasset" 549
"../../../Engine/Plugins/Editor/SpeedTreeImporter/Content/SpeedTree9/Empty.uexp" 550
"../../../Engine/Plugins/Editor/SpeedTreeImporter/Content/SpeedTree9/SpeedTreeMaster.uasset" 551
"../../../Engine/Plugins/Editor/SpeedTreeImporter/Content/SpeedTree9/SpeedTreeMaster.uexp" 552
"../../../Engine/Plugins/Editor/SpeedTreeImporter/Content/SpeedTree9/SpeedTreeBillboard.uasset" 553
"../../../Engine/Plugins/Editor/SpeedTreeImporter/Content/SpeedTree9/SpeedTreeBillboard.uexp" 554
"../../../Engine/Plugins/Editor/SpeedTreeImporter/Content/SpeedTree9/SpeedTreeBillboardMaster.uasset" 555
"../../../Engine/Plugins/Editor/SpeedTreeImporter/Content/SpeedTree9/SpeedTreeBillboardMaster.uexp" 556
"../../../Engine/Plugins/Runtime/HairStrands/Content/Materials/HairMeshesDefaultMaterial.uasset" 557
"../../../Engine/Plugins/Runtime/HairStrands/Content/Materials/HairMeshesDefaultMaterial.uexp" 558
"../../../Engine/Plugins/Runtime/HairStrands/Content/Materials/HairDefaultMaterial.uasset" 559
"../../../Engine/Plugins/Runtime/HairStrands/Content/Materials/HairDefaultMaterial.uexp" 560
"../../../Engine/Plugins/Runtime/HairStrands/Content/Materials/HairGroupColors.uasset" 561
"../../../Engine/Plugins/Runtime/HairStrands/Content/Materials/HairGroupColors.uexp" 562
"../../../Engine/Content/EngineMaterials/HairColorMap.uasset" 563
"../../../Engine/Content/EngineMaterials/HairColorMap.uexp" 564
"../../../Engine/Content/EngineMaterials/HairDebugColor.uasset" 565
"../../../Engine/Content/EngineMaterials/HairDebugColor.uexp" 566
"../../../Engine/Plugins/Runtime/HairStrands/Content/Materials/HairDebugMaterial.uasset" 567
"../../../Engine/Plugins/Runtime/HairStrands/Content/Materials/HairDebugMaterial.uexp" 568
"../../../Engine/Plugins/Runtime/HairStrands/Content/Materials/HairCardsDefaultMaterial.uasset" 569
"../../../Engine/Plugins/Runtime/HairStrands/Content/Materials/HairCardsDefaultMaterial.uexp" 570
"../../../Engine/Content/Maps/Entry_BuiltData.uasset" 571
"../../../Engine/Content/Maps/Entry_BuiltData.uexp" 572
"../../../Engine/Content/Maps/Entry.uexp" 573
"../../../Engine/Content/Maps/Entry.umap" 574
"C:/Users/ADAWHITE/Documents/GitHub/GeometricMan/Content/LevelPrototyping/Textures/T_GridChecker_A.ubulk" 575
"C:/Users/ADAWHITE/Documents/GitHub/GeometricMan/Content/LevelPrototyping/Textures/T_GridChecker_A.uasset" 576
"C:/Users/ADAWHITE/Documents/GitHub/GeometricMan/Content/LevelPrototyping/Textures/T_GridChecker_A.uexp" 577
"../../../Engine/Content/Functions/Engine_MaterialFunctions01/Gradient/LinearGradient.uasset" 578
"../../../Engine/Content/Functions/Engine_MaterialFunctions01/Gradient/LinearGradient.uexp" 579
"../../../Engine/Content/Functions/Engine_MaterialFunctions01/ImageAdjustment/CheapContrast.uasset" 580
"../../../Engine/Content/Functions/Engine_MaterialFunctions01/ImageAdjustment/CheapContrast.uexp" 581
"C:/Users/ADAWHITE/Documents/GitHub/GeometricMan/Content/LevelPrototyping/Materials/MF_ProcGrid.uasset" 582
"C:/Users/ADAWHITE/Documents/GitHub/GeometricMan/Content/LevelPrototyping/Materials/MF_ProcGrid.uexp" 583
"C:/Users/ADAWHITE/Documents/GitHub/GeometricMan/Content/LevelPrototyping/Materials/M_PrototypeGrid.uasset" 584
"C:/Users/ADAWHITE/Documents/GitHub/GeometricMan/Content/LevelPrototyping/Materials/M_PrototypeGrid.uexp" 585
"C:/Users/ADAWHITE/Documents/GitHub/GeometricMan/Content/LevelPrototyping/Materials/MI_PrototypeGrid_Gray.uasset" 586
"C:/Users/ADAWHITE/Documents/GitHub/GeometricMan/Content/LevelPrototyping/Materials/MI_PrototypeGrid_Gray.uexp" 587
"C:/Users/ADAWHITE/Documents/GitHub/GeometricMan/Content/LevelPrototyping/Meshes/SM_Cylinder.ubulk" 588
"C:/Users/ADAWHITE/Documents/GitHub/GeometricMan/Content/LevelPrototyping/Meshes/SM_Cylinder.uasset" 589
"C:/Users/ADAWHITE/Documents/GitHub/GeometricMan/Content/LevelPrototyping/Meshes/SM_Cylinder.uexp" 590
"../../../Engine/Content/BasicShapes/Cube.ubulk" 591
"../../../Engine/Content/BasicShapes/Cube.uasset" 592
"../../../Engine/Content/BasicShapes/Cube.uexp" 593
"C:/Users/ADAWHITE/Documents/GitHub/GeometricMan/Content/Characters/Mannequins/Meshes/SK_Mannequin.uasset" 594
"C:/Users/ADAWHITE/Documents/GitHub/GeometricMan/Content/Characters/Mannequins/Meshes/SK_Mannequin.uexp" 595
"C:/Users/ADAWHITE/Documents/GitHub/GeometricMan/Content/Characters/Mannequins/Textures/Quinn/T_Quinn_02ID_MSR_MSK.ubulk" 596
"C:/Users/ADAWHITE/Documents/GitHub/GeometricMan/Content/Characters/Mannequins/Textures/Quinn/T_Quinn_02ID_MSR_MSK.uasset" 597
"C:/Users/ADAWHITE/Documents/GitHub/GeometricMan/Content/Characters/Mannequins/Textures/Quinn/T_Quinn_02ID_MSR_MSK.uexp" 598
"C:/Users/ADAWHITE/Documents/GitHub/GeometricMan/Content/Characters/Mannequins/Textures/Quinn/T_Quinn_02ID_BN.ubulk" 599
"C:/Users/ADAWHITE/Documents/GitHub/GeometricMan/Content/Characters/Mannequins/Textures/Quinn/T_Quinn_02ID_BN.uasset" 600
"C:/Users/ADAWHITE/Documents/GitHub/GeometricMan/Content/Characters/Mannequins/Textures/Quinn/T_Quinn_02ID_BN.uexp" 601
"C:/Users/ADAWHITE/Documents/GitHub/GeometricMan/Content/Characters/Mannequins/Textures/Quinn/T_Quinn_02_ASAOMASK_MSK.ubulk" 602
"C:/Users/ADAWHITE/Documents/GitHub/GeometricMan/Content/Characters/Mannequins/Textures/Quinn/T_Quinn_02_ASAOMASK_MSK.uasset" 603
"C:/Users/ADAWHITE/Documents/GitHub/GeometricMan/Content/Characters/Mannequins/Textures/Quinn/T_Quinn_02_ASAOMASK_MSK.uexp" 604
"C:/Users/ADAWHITE/Documents/GitHub/GeometricMan/Content/Characters/Mannequins/Textures/Quinn/T_Quinn_02_CCRCCPlastic_MSK.ubulk" 605
"C:/Users/ADAWHITE/Documents/GitHub/GeometricMan/Content/Characters/Mannequins/Textures/Quinn/T_Quinn_02_CCRCCPlastic_MSK.uasset" 606
"C:/Users/ADAWHITE/Documents/GitHub/GeometricMan/Content/Characters/Mannequins/Textures/Quinn/T_Quinn_02_CCRCCPlastic_MSK.uexp" 607
"C:/Users/ADAWHITE/Documents/GitHub/GeometricMan/Content/Characters/Mannequins/Textures/Quinn/T_Quinn_02ID_Tan.ubulk" 608
"C:/Users/ADAWHITE/Documents/GitHub/GeometricMan/Content/Characters/Mannequins/Textures/Quinn/T_Quinn_02ID_Tan.uasset" 609
"C:/Users/ADAWHITE/Documents/GitHub/GeometricMan/Content/Characters/Mannequins/Textures/Quinn/T_Quinn_02ID_Tan.uexp" 610
"C:/Users/ADAWHITE/Documents/GitHub/GeometricMan/Content/Characters/Mannequins/Textures/Quinn/T_Quinn_02ID_D.ubulk" 611
"C:/Users/ADAWHITE/Documents/GitHub/GeometricMan/Content/Characters/Mannequins/Textures/Quinn/T_Quinn_02ID_D.uasset" 612
"C:/Users/ADAWHITE/Documents/GitHub/GeometricMan/Content/Characters/Mannequins/Textures/Quinn/T_Quinn_02ID_D.uexp" 613
"C:/Users/ADAWHITE/Documents/GitHub/GeometricMan/Content/Characters/Mannequins/Textures/Quinn/T_Quinn_01ID_MSR_MSK.ubulk" 614
"C:/Users/ADAWHITE/Documents/GitHub/GeometricMan/Content/Characters/Mannequins/Textures/Quinn/T_Quinn_01ID_MSR_MSK.uasset" 615
"C:/Users/ADAWHITE/Documents/GitHub/GeometricMan/Content/Characters/Mannequins/Textures/Quinn/T_Quinn_01ID_MSR_MSK.uexp" 616
"C:/Users/ADAWHITE/Documents/GitHub/GeometricMan/Content/Characters/Mannequins/Materials/Functions/ChromaticCurve.uasset" 617
"C:/Users/ADAWHITE/Documents/GitHub/GeometricMan/Content/Characters/Mannequins/Materials/Functions/ChromaticCurve.uexp" 618
"C:/Users/ADAWHITE/Documents/GitHub/GeometricMan/Content/Characters/Mannequins/Materials/Functions/CA_Mannequin.uasset" 619
"C:/Users/ADAWHITE/Documents/GitHub/GeometricMan/Content/Characters/Mannequins/Materials/Functions/CA_Mannequin.uexp" 620
"C:/Users/ADAWHITE/Documents/GitHub/GeometricMan/Content/Characters/Mannequins/Materials/Functions/MF_Diffraction.uasset" 621
"C:/Users/ADAWHITE/Documents/GitHub/GeometricMan/Content/Characters/Mannequins/Materials/Functions/MF_Diffraction.uexp" 622
"C:/Users/ADAWHITE/Documents/GitHub/GeometricMan/Content/Characters/Mannequins/Textures/Manny/T_Manny_01_N.ubulk" 623
"C:/Users/ADAWHITE/Documents/GitHub/GeometricMan/Content/Characters/Mannequins/Textures/Manny/T_Manny_01_N.uasset" 624
"C:/Users/ADAWHITE/Documents/GitHub/GeometricMan/Content/Characters/Mannequins/Textures/Manny/T_Manny_01_N.uexp" 625
"C:/Users/ADAWHITE/Documents/GitHub/GeometricMan/Content/Characters/Mannequins/Materials/Functions/ML_BaseColorFallOff.uasset" 626
"C:/Users/ADAWHITE/Documents/GitHub/GeometricMan/Content/Characters/Mannequins/Materials/Functions/ML_BaseColorFallOff.uexp" 627
"../../../Engine/Content/Functions/Engine_MaterialFunctions01/Texturing/ScaleUVsByCenter.uasset" 628
"../../../Engine/Content/Functions/Engine_MaterialFunctions01/Texturing/ScaleUVsByCenter.uexp" 629
"C:/Users/ADAWHITE/Documents/GitHub/GeometricMan/Content/Characters/Mannequins/Textures/Shared/T_UE_Logo_M.uasset" 630
"C:/Users/ADAWHITE/Documents/GitHub/GeometricMan/Content/Characters/Mannequins/Textures/Shared/T_UE_Logo_M.uexp" 631
"C:/Users/ADAWHITE/Documents/GitHub/GeometricMan/Content/Characters/Mannequins/Materials/Functions/MF_logo3layers.uasset" 632
"C:/Users/ADAWHITE/Documents/GitHub/GeometricMan/Content/Characters/Mannequins/Materials/Functions/MF_logo3layers.uexp" 633
"C:/Users/ADAWHITE/Documents/GitHub/GeometricMan/Content/Characters/Mannequins/Textures/Manny/T_Manny_01_CCRCCPlastic_MSK.ubulk" 634
"C:/Users/ADAWHITE/Documents/GitHub/GeometricMan/Content/Characters/Mannequins/Textures/Manny/T_Manny_01_CCRCCPlastic_MSK.uasset" 635
"C:/Users/ADAWHITE/Documents/GitHub/GeometricMan/Content/Characters/Mannequins/Textures/Manny/T_Manny_01_CCRCCPlastic_MSK.uexp" 636
"C:/Users/ADAWHITE/Documents/GitHub/GeometricMan/Content/Characters/Mannequins/Textures/Manny/T_Manny_01_ASAOPMASK_MSK.ubulk" 637
"C:/Users/ADAWHITE/Documents/GitHub/GeometricMan/Content/Characters/Mannequins/Textures/Manny/T_Manny_01_ASAOPMASK_MSK.uasset" 638
"C:/Users/ADAWHITE/Documents/GitHub/GeometricMan/Content/Characters/Mannequins/Textures/Manny/T_Manny_01_ASAOPMASK_MSK.uexp" 639
"C:/Users/ADAWHITE/Documents/GitHub/GeometricMan/Content/Characters/Mannequins/Textures/Manny/T_Manny_01_MSR_MSK.ubulk" 640
"C:/Users/ADAWHITE/Documents/GitHub/GeometricMan/Content/Characters/Mannequins/Textures/Manny/T_Manny_01_MSR_MSK.uasset" 641
"C:/Users/ADAWHITE/Documents/GitHub/GeometricMan/Content/Characters/Mannequins/Textures/Manny/T_Manny_01_MSR_MSK.uexp" 642
"C:/Users/ADAWHITE/Documents/GitHub/GeometricMan/Content/Characters/Mannequins/Textures/Manny/T_Manny_01_BN.ubulk" 643
"C:/Users/ADAWHITE/Documents/GitHub/GeometricMan/Content/Characters/Mannequins/Textures/Manny/T_Manny_01_BN.uasset" 644
"C:/Users/ADAWHITE/Documents/GitHub/GeometricMan/Content/Characters/Mannequins/Textures/Manny/T_Manny_01_BN.uexp" 645
"C:/Users/ADAWHITE/Documents/GitHub/GeometricMan/Content/Characters/Mannequins/Textures/Manny/T_Manny_01_D.ubulk" 646
"C:/Users/ADAWHITE/Documents/GitHub/GeometricMan/Content/Characters/Mannequins/Textures/Manny/T_Manny_01_D.uasset" 647
"C:/Users/ADAWHITE/Documents/GitHub/GeometricMan/Content/Characters/Mannequins/Textures/Manny/T_Manny_01_D.uexp" 648
"C:/Users/ADAWHITE/Documents/GitHub/GeometricMan/Content/Characters/Mannequins/Textures/Manny/T_Manny_01_Tan.ubulk" 649
"C:/Users/ADAWHITE/Documents/GitHub/GeometricMan/Content/Characters/Mannequins/Textures/Manny/T_Manny_01_Tan.uasset" 650
"C:/Users/ADAWHITE/Documents/GitHub/GeometricMan/Content/Characters/Mannequins/Textures/Manny/T_Manny_01_Tan.uexp" 651
"C:/Users/ADAWHITE/Documents/GitHub/GeometricMan/Content/Characters/Mannequins/Materials/M_Mannequin.uasset" 652
"C:/Users/ADAWHITE/Documents/GitHub/GeometricMan/Content/Characters/Mannequins/Materials/M_Mannequin.uexp" 653
"C:/Users/ADAWHITE/Documents/GitHub/GeometricMan/Content/Characters/Mannequins/Textures/Quinn/T_Quinn_01_ASAOMASK_MSK.ubulk" 654
"C:/Users/ADAWHITE/Documents/GitHub/GeometricMan/Content/Characters/Mannequins/Textures/Quinn/T_Quinn_01_ASAOMASK_MSK.uasset" 655
"C:/Users/ADAWHITE/Documents/GitHub/GeometricMan/Content/Characters/Mannequins/Textures/Quinn/T_Quinn_01_ASAOMASK_MSK.uexp" 656
"C:/Users/ADAWHITE/Documents/GitHub/GeometricMan/Content/Characters/Mannequins/Textures/Quinn/T_Quinn_01ID_N.ubulk" 657
"C:/Users/ADAWHITE/Documents/GitHub/GeometricMan/Content/Characters/Mannequins/Textures/Quinn/T_Quinn_01ID_N.uasset" 658
"C:/Users/ADAWHITE/Documents/GitHub/GeometricMan/Content/Characters/Mannequins/Textures/Quinn/T_Quinn_01ID_N.uexp" 659
"C:/Users/ADAWHITE/Documents/GitHub/GeometricMan/Content/Characters/Mannequins/Textures/Quinn/T_Quinn_01ID_BN.ubulk" 660
"C:/Users/ADAWHITE/Documents/GitHub/GeometricMan/Content/Characters/Mannequins/Textures/Quinn/T_Quinn_01ID_BN.uasset" 661
"C:/Users/ADAWHITE/Documents/GitHub/GeometricMan/Content/Characters/Mannequins/Textures/Quinn/T_Quinn_01ID_BN.uexp" 662
"C:/Users/ADAWHITE/Documents/GitHub/GeometricMan/Content/Characters/Mannequins/Textures/Quinn/T_Quinn_01ID_D.ubulk" 663
"C:/Users/ADAWHITE/Documents/GitHub/GeometricMan/Content/Characters/Mannequins/Textures/Quinn/T_Quinn_01ID_D.uasset" 664
"C:/Users/ADAWHITE/Documents/GitHub/GeometricMan/Content/Characters/Mannequins/Textures/Quinn/T_Quinn_01ID_D.uexp" 665
"C:/Users/ADAWHITE/Documents/GitHub/GeometricMan/Content/Characters/Mannequins/Textures/Quinn/T_Quinn_01ID_Tan.ubulk" 666
"C:/Users/ADAWHITE/Documents/GitHub/GeometricMan/Content/Characters/Mannequins/Textures/Quinn/T_Quinn_01ID_Tan.uasset" 667
"C:/Users/ADAWHITE/Documents/GitHub/GeometricMan/Content/Characters/Mannequins/Textures/Quinn/T_Quinn_01ID_Tan.uexp" 668
"C:/Users/ADAWHITE/Documents/GitHub/GeometricMan/Content/Characters/Mannequins/Textures/Quinn/T_Quinn_01_CCRCCPlastic_MSK.ubulk" 669
"C:/Users/ADAWHITE/Documents/GitHub/GeometricMan/Content/Characters/Mannequins/Textures/Quinn/T_Quinn_01_CCRCCPlastic_MSK.uasset" 670
"C:/Users/ADAWHITE/Documents/GitHub/GeometricMan/Content/Characters/Mannequins/Textures/Quinn/T_Quinn_01_CCRCCPlastic_MSK.uexp" 671
"C:/Users/ADAWHITE/Documents/GitHub/GeometricMan/Content/Characters/Mannequins/Materials/Instances/Quinn/MI_Quinn_01.uasset" 672
"C:/Users/ADAWHITE/Documents/GitHub/GeometricMan/Content/Characters/Mannequins/Materials/Instances/Quinn/MI_Quinn_01.uexp" 673
"C:/Users/ADAWHITE/Documents/GitHub/GeometricMan/Content/Characters/Mannequins/Textures/Quinn/T_Quinn_02ID_N.ubulk" 674
"C:/Users/ADAWHITE/Documents/GitHub/GeometricMan/Content/Characters/Mannequins/Textures/Quinn/T_Quinn_02ID_N.uasset" 675
"C:/Users/ADAWHITE/Documents/GitHub/GeometricMan/Content/Characters/Mannequins/Textures/Quinn/T_Quinn_02ID_N.uexp" 676
"C:/Users/ADAWHITE/Documents/GitHub/GeometricMan/Content/Characters/Mannequins/Materials/Instances/Quinn/MI_Quinn_02.uasset" 677
"C:/Users/ADAWHITE/Documents/GitHub/GeometricMan/Content/Characters/Mannequins/Materials/Instances/Quinn/MI_Quinn_02.uexp" 678
"C:/Users/ADAWHITE/Documents/GitHub/GeometricMan/Content/Characters/Mannequins/Rigs/PA_Mannequin.uasset" 679
"C:/Users/ADAWHITE/Documents/GitHub/GeometricMan/Content/Characters/Mannequins/Rigs/PA_Mannequin.uexp" 680
"C:/Users/ADAWHITE/Documents/GitHub/GeometricMan/Content/Characters/Mannequins/Meshes/SKM_Quinn_Simple.uasset" 681
"C:/Users/ADAWHITE/Documents/GitHub/GeometricMan/Content/Characters/Mannequins/Meshes/SKM_Quinn_Simple.uexp" 682
"../../../Engine/Content/Animation/DefaultAnimCurveCompressionSettings.uasset" 683
"../../../Engine/Content/Animation/DefaultAnimCurveCompressionSettings.uexp" 684
"../../../Engine/Content/Animation/DefaultAnimBoneCompressionSettings.uasset" 685
"../../../Engine/Content/Animation/DefaultAnimBoneCompressionSettings.uexp" 686
"C:/Users/ADAWHITE/Documents/GitHub/GeometricMan/Content/Characters/Mannequins/Animations/Quinn/MF_Run_Fwd.uasset" 687
"C:/Users/ADAWHITE/Documents/GitHub/GeometricMan/Content/Characters/Mannequins/Animations/Quinn/MF_Run_Fwd.uexp" 688
"C:/Users/ADAWHITE/Documents/GitHub/GeometricMan/Content/Characters/Mannequins/Animations/Quinn/MF_Walk_Fwd.uasset" 689
"C:/Users/ADAWHITE/Documents/GitHub/GeometricMan/Content/Characters/Mannequins/Animations/Quinn/MF_Walk_Fwd.uexp" 690
"../../../Engine/Content/Animation/DefaultRecorderBoneCompression.uasset" 691
"../../../Engine/Content/Animation/DefaultRecorderBoneCompression.uexp" 692
"C:/Users/ADAWHITE/Documents/GitHub/GeometricMan/Content/Characters/Mannequins/Animations/Manny/MM_Walk_InPlace.uasset" 693
"C:/Users/ADAWHITE/Documents/GitHub/GeometricMan/Content/Characters/Mannequins/Animations/Manny/MM_Walk_InPlace.uexp" 694
"C:/Users/ADAWHITE/Documents/GitHub/GeometricMan/Content/Characters/Mannequins/Animations/Quinn/BS_MF_Unarmed_WalkRun.uasset" 695
"C:/Users/ADAWHITE/Documents/GitHub/GeometricMan/Content/Characters/Mannequins/Animations/Quinn/BS_MF_Unarmed_WalkRun.uexp" 696
"C:/Users/ADAWHITE/Documents/GitHub/GeometricMan/Content/Characters/Mannequins/Animations/Quinn/MF_Idle.uasset" 697
"C:/Users/ADAWHITE/Documents/GitHub/GeometricMan/Content/Characters/Mannequins/Animations/Quinn/MF_Idle.uexp" 698
"C:/Users/ADAWHITE/Documents/GitHub/GeometricMan/Content/Characters/Mannequins/Animations/Manny/MM_Fall_Loop.uasset" 699
"C:/Users/ADAWHITE/Documents/GitHub/GeometricMan/Content/Characters/Mannequins/Animations/Manny/MM_Fall_Loop.uexp" 700
"C:/Users/ADAWHITE/Documents/GitHub/GeometricMan/Content/Characters/Mannequins/Animations/Manny/MM_Jump.uasset" 701
"C:/Users/ADAWHITE/Documents/GitHub/GeometricMan/Content/Characters/Mannequins/Animations/Manny/MM_Jump.uexp" 702
"../../../Engine/Plugins/Animation/ControlRig/Content/Controls/DefaultGizmoLibrary.uasset" 703
"../../../Engine/Plugins/Animation/ControlRig/Content/Controls/DefaultGizmoLibrary.uexp" 704
"C:/Users/ADAWHITE/Documents/GitHub/GeometricMan/Content/Characters/Mannequins/Rigs/CR_Mannequin_BasicFootIK.uasset" 705
"C:/Users/ADAWHITE/Documents/GitHub/GeometricMan/Content/Characters/Mannequins/Rigs/CR_Mannequin_BasicFootIK.uexp" 706
"C:/Users/ADAWHITE/Documents/GitHub/GeometricMan/Content/Characters/Mannequins/Animations/Manny/MM_Run_Fwd.uasset" 707
"C:/Users/ADAWHITE/Documents/GitHub/GeometricMan/Content/Characters/Mannequins/Animations/Manny/MM_Run_Fwd.uexp" 708
"C:/Users/ADAWHITE/Documents/GitHub/GeometricMan/Content/Characters/Mannequins/Animations/Manny/MM_Walk_Fwd.uasset" 709
"C:/Users/ADAWHITE/Documents/GitHub/GeometricMan/Content/Characters/Mannequins/Animations/Manny/MM_Walk_Fwd.uexp" 710
"C:/Users/ADAWHITE/Documents/GitHub/GeometricMan/Content/Characters/Mannequins/Animations/Manny/BS_MM_WalkRun.uasset" 711
"C:/Users/ADAWHITE/Documents/GitHub/GeometricMan/Content/Characters/Mannequins/Animations/Manny/BS_MM_WalkRun.uexp" 712
"C:/Users/ADAWHITE/Documents/GitHub/GeometricMan/Content/Characters/Mannequins/Animations/Manny/MM_Land.uasset" 713
"C:/Users/ADAWHITE/Documents/GitHub/GeometricMan/Content/Characters/Mannequins/Animations/Manny/MM_Land.uexp" 714
"C:/Users/ADAWHITE/Documents/GitHub/GeometricMan/Content/Characters/Mannequins/Animations/Manny/MM_Idle.uasset" 715
"C:/Users/ADAWHITE/Documents/GitHub/GeometricMan/Content/Characters/Mannequins/Animations/Manny/MM_Idle.uexp" 716
"C:/Users/ADAWHITE/Documents/GitHub/GeometricMan/Content/Characters/Mannequins/Animations/ABP_Manny.uasset" 717
"C:/Users/ADAWHITE/Documents/GitHub/GeometricMan/Content/Characters/Mannequins/Animations/ABP_Manny.uexp" 718
"C:/Users/ADAWHITE/Documents/GitHub/GeometricMan/Content/Characters/Mannequins/Animations/ABP_Quinn.uasset" 719
"C:/Users/ADAWHITE/Documents/GitHub/GeometricMan/Content/Characters/Mannequins/Animations/ABP_Quinn.uexp" 720
"C:/Users/ADAWHITE/Documents/GitHub/GeometricMan/Content/ThirdPerson/Blueprints/BP_ThirdPersonCharacter.uasset" 721
"C:/Users/ADAWHITE/Documents/GitHub/GeometricMan/Content/ThirdPerson/Blueprints/BP_ThirdPersonCharacter.uexp" 722
"C:/Users/ADAWHITE/Documents/GitHub/GeometricMan/Content/UI/AldotheApache.uexp" 723
"C:/Users/ADAWHITE/Documents/GitHub/GeometricMan/Content/UI/AldotheApache.uasset" 724
"C:/Users/ADAWHITE/Documents/GitHub/GeometricMan/Content/UI/AldotheApache.ufont" 725
"C:/Users/ADAWHITE/Documents/GitHub/GeometricMan/Content/UI/AldotheApache_Font.uasset" 726
"C:/Users/ADAWHITE/Documents/GitHub/GeometricMan/Content/UI/AldotheApache_Font.uexp" 727
"C:/Users/ADAWHITE/Documents/GitHub/GeometricMan/Content/Blueprints/GeometricManInstance.uasset" 728
"C:/Users/ADAWHITE/Documents/GitHub/GeometricMan/Content/Blueprints/GeometricManInstance.uexp" 729
"C:/Users/ADAWHITE/Documents/GitHub/GeometricMan/Content/UI/LevelComplete.uasset" 730
"C:/Users/ADAWHITE/Documents/GitHub/GeometricMan/Content/UI/LevelComplete.uexp" 731
"C:/Users/ADAWHITE/Documents/GitHub/GeometricMan/Content/UI/HUD.uasset" 732
"C:/Users/ADAWHITE/Documents/GitHub/GeometricMan/Content/UI/HUD.uexp" 733
"C:/Users/ADAWHITE/Documents/GitHub/GeometricMan/Content/UI/PauseMenu.uasset" 734
"C:/Users/ADAWHITE/Documents/GitHub/GeometricMan/Content/UI/PauseMenu.uexp" 735
"C:/Users/ADAWHITE/Documents/GitHub/GeometricMan/Content/Materials/M_Arena.uasset" 736
"C:/Users/ADAWHITE/Documents/GitHub/GeometricMan/Content/Materials/M_Arena.uexp" 737
"../../../Engine/Content/EditorBlueprintResources/StandardMacros.uasset" 738
"../../../Engine/Content/EditorBlueprintResources/StandardMacros.uexp" 739
"C:/Users/ADAWHITE/Documents/GitHub/GeometricMan/Content/Blueprints/Color.uasset" 740
"C:/Users/ADAWHITE/Documents/GitHub/GeometricMan/Content/Blueprints/Color.uexp" 741
"../../../Engine/Content/BasicShapes/Sphere.ubulk" 742
"../../../Engine/Content/BasicShapes/Sphere.uasset" 743
"../../../Engine/Content/BasicShapes/Sphere.uexp" 744
"C:/Users/ADAWHITE/Documents/GitHub/GeometricMan/Content/Materials/M_Destructable.uasset" 745
"C:/Users/ADAWHITE/Documents/GitHub/GeometricMan/Content/Materials/M_Destructable.uexp" 746
"C:/Users/ADAWHITE/Documents/GitHub/GeometricMan/Content/StarterContent/Materials/M_Basic_Wall.uasset" 747
"C:/Users/ADAWHITE/Documents/GitHub/GeometricMan/Content/StarterContent/Materials/M_Basic_Wall.uexp" 748
"C:/Users/ADAWHITE/Documents/GitHub/GeometricMan/Content/StarterContent/Shapes/Shape_Cube.ubulk" 749
"C:/Users/ADAWHITE/Documents/GitHub/GeometricMan/Content/StarterContent/Shapes/Shape_Cube.uasset" 750
"C:/Users/ADAWHITE/Documents/GitHub/GeometricMan/Content/StarterContent/Shapes/Shape_Cube.uexp" 751
"../../../Engine/Content/BasicShapes/BasicShapeMaterial.uasset" 752
"../../../Engine/Content/BasicShapes/BasicShapeMaterial.uexp" 753
"C:/Users/ADAWHITE/Documents/GitHub/GeometricMan/Content/Blueprints/Barrier.uasset" 754
"C:/Users/ADAWHITE/Documents/GitHub/GeometricMan/Content/Blueprints/Barrier.uexp" 755
"C:/Users/ADAWHITE/Documents/GitHub/GeometricMan/Content/Blueprints/Destructable_Barrier.uasset" 756
"C:/Users/ADAWHITE/Documents/GitHub/GeometricMan/Content/Blueprints/Destructable_Barrier.uexp" 757
"C:/Users/ADAWHITE/Documents/GitHub/GeometricMan/Content/Blueprints/ShooterProjectile.uasset" 758
"C:/Users/ADAWHITE/Documents/GitHub/GeometricMan/Content/Blueprints/ShooterProjectile.uexp" 759
"C:/Users/ADAWHITE/Documents/GitHub/GeometricMan/Content/ThirdPerson/Blueprints/BP_ThirdPersonGameMode.uasset" 760
"C:/Users/ADAWHITE/Documents/GitHub/GeometricMan/Content/ThirdPerson/Blueprints/BP_ThirdPersonGameMode.uexp" 761
"C:/Users/ADAWHITE/Documents/GitHub/GeometricMan/Content/Scenes/CoreLevels.uasset" 762
"C:/Users/ADAWHITE/Documents/GitHub/GeometricMan/Content/Scenes/CoreLevels.uexp" 763
"C:/Users/ADAWHITE/Documents/GitHub/GeometricMan/Content/Materials/M_Shooter.uasset" 764
"C:/Users/ADAWHITE/Documents/GitHub/GeometricMan/Content/Materials/M_Shooter.uexp" 765
"C:/Users/ADAWHITE/Documents/GitHub/GeometricMan/Content/StarterContent/Shapes/Shape_Cone.ubulk" 766
"C:/Users/ADAWHITE/Documents/GitHub/GeometricMan/Content/StarterContent/Shapes/Shape_Cone.uasset" 767
"C:/Users/ADAWHITE/Documents/GitHub/GeometricMan/Content/StarterContent/Shapes/Shape_Cone.uexp" 768
"C:/Users/ADAWHITE/Documents/GitHub/GeometricMan/Content/Blueprints/Shooter.uasset" 769
"C:/Users/ADAWHITE/Documents/GitHub/GeometricMan/Content/Blueprints/Shooter.uexp" 770
"C:/Users/ADAWHITE/Documents/GitHub/GeometricMan/Content/Cameras/MainMenuCamera.uasset" 771
"C:/Users/ADAWHITE/Documents/GitHub/GeometricMan/Content/Cameras/MainMenuCamera.uexp" 772
"C:/Users/ADAWHITE/Documents/GitHub/GeometricMan/Content/Scenes/MainMenuGameMode.uasset" 773
"C:/Users/ADAWHITE/Documents/GitHub/GeometricMan/Content/Scenes/MainMenuGameMode.uexp" 774
"C:/Users/ADAWHITE/Documents/GitHub/GeometricMan/Content/StarterContent/Textures/T_Fire_Tiled_D.ubulk" 775
"C:/Users/ADAWHITE/Documents/GitHub/GeometricMan/Content/StarterContent/Textures/T_Fire_Tiled_D.uasset" 776
"C:/Users/ADAWHITE/Documents/GitHub/GeometricMan/Content/StarterContent/Textures/T_Fire_Tiled_D.uexp" 777
"C:/Users/ADAWHITE/Documents/GitHub/GeometricMan/Content/StarterContent/Textures/T_Fire_SubUV.ubulk" 778
"C:/Users/ADAWHITE/Documents/GitHub/GeometricMan/Content/StarterContent/Textures/T_Fire_SubUV.uasset" 779
"C:/Users/ADAWHITE/Documents/GitHub/GeometricMan/Content/StarterContent/Textures/T_Fire_SubUV.uexp" 780
"C:/Users/ADAWHITE/Documents/GitHub/GeometricMan/Content/StarterContent/Particles/Materials/M_Fire_SubUV.uasset" 781
"C:/Users/ADAWHITE/Documents/GitHub/GeometricMan/Content/StarterContent/Particles/Materials/M_Fire_SubUV.uexp" 782
"C:/Users/ADAWHITE/Documents/GitHub/GeometricMan/Content/StarterContent/Textures/T_Smoke_SubUV.ubulk" 783
"C:/Users/ADAWHITE/Documents/GitHub/GeometricMan/Content/StarterContent/Textures/T_Smoke_SubUV.uasset" 784
"C:/Users/ADAWHITE/Documents/GitHub/GeometricMan/Content/StarterContent/Textures/T_Smoke_SubUV.uexp" 785
"C:/Users/ADAWHITE/Documents/GitHub/GeometricMan/Content/StarterContent/Textures/T_Smoke_Tiled_D.ubulk" 786
"C:/Users/ADAWHITE/Documents/GitHub/GeometricMan/Content/StarterContent/Textures/T_Smoke_Tiled_D.uasset" 787
"C:/Users/ADAWHITE/Documents/GitHub/GeometricMan/Content/StarterContent/Textures/T_Smoke_Tiled_D.uexp" 788
"C:/Users/ADAWHITE/Documents/GitHub/GeometricMan/Content/StarterContent/Particles/Materials/M_smoke_subUV.uasset" 789
"C:/Users/ADAWHITE/Documents/GitHub/GeometricMan/Content/StarterContent/Particles/Materials/M_smoke_subUV.uexp" 790
"C:/Users/ADAWHITE/Documents/GitHub/GeometricMan/Content/StarterContent/Textures/T_Water_N.ubulk" 791
"C:/Users/ADAWHITE/Documents/GitHub/GeometricMan/Content/StarterContent/Textures/T_Water_N.uasset" 792
"C:/Users/ADAWHITE/Documents/GitHub/GeometricMan/Content/StarterContent/Textures/T_Water_N.uexp" 793
"C:/Users/ADAWHITE/Documents/GitHub/GeometricMan/Content/StarterContent/Particles/Materials/M_Heat_Distortion.uasset" 794
"C:/Users/ADAWHITE/Documents/GitHub/GeometricMan/Content/StarterContent/Particles/Materials/M_Heat_Distortion.uexp" 795
"../../../Engine/Content/Functions/Engine_MaterialFunctions01/Gradient/RadialGradient.uasset" 796
"../../../Engine/Content/Functions/Engine_MaterialFunctions01/Gradient/RadialGradient.uexp" 797
"C:/Users/ADAWHITE/Documents/GitHub/GeometricMan/Content/StarterContent/Particles/Materials/M_Radial_Gradient.uasset" 798
"C:/Users/ADAWHITE/Documents/GitHub/GeometricMan/Content/StarterContent/Particles/Materials/M_Radial_Gradient.uexp" 799
"C:/Users/ADAWHITE/Documents/GitHub/GeometricMan/Content/StarterContent/Particles/P_Fire.uasset" 800
"C:/Users/ADAWHITE/Documents/GitHub/GeometricMan/Content/StarterContent/Particles/P_Fire.uexp" 801
"C:/Users/ADAWHITE/Documents/GitHub/GeometricMan/Content/StarterContent/Textures/T_Spark_Core.ubulk" 802
"C:/Users/ADAWHITE/Documents/GitHub/GeometricMan/Content/StarterContent/Textures/T_Spark_Core.uasset" 803
"C:/Users/ADAWHITE/Documents/GitHub/GeometricMan/Content/StarterContent/Textures/T_Spark_Core.uexp" 804
"C:/Users/ADAWHITE/Documents/GitHub/GeometricMan/Content/StarterContent/Particles/Materials/M_Spark.uasset" 805
"C:/Users/ADAWHITE/Documents/GitHub/GeometricMan/Content/StarterContent/Particles/Materials/M_Spark.uexp" 806
"C:/Users/ADAWHITE/Documents/GitHub/GeometricMan/Content/StarterContent/Particles/P_Sparks.uasset" 807
"C:/Users/ADAWHITE/Documents/GitHub/GeometricMan/Content/StarterContent/Particles/P_Sparks.uexp" 808
"../../../Engine/Content/EngineSky/C_Sky_Horizon_Color.uasset" 809
"../../../Engine/Content/EngineSky/C_Sky_Horizon_Color.uexp" 810
"../../../Engine/Content/EngineSky/T_Sky_Stars.ubulk" 811
"../../../Engine/Content/EngineSky/T_Sky_Stars.uasset" 812
"../../../Engine/Content/EngineSky/T_Sky_Stars.uexp" 813
"../../../Engine/Content/EngineSky/T_Sky_Clouds_M.ubulk" 814
"../../../Engine/Content/EngineSky/T_Sky_Clouds_M.uasset" 815
"../../../Engine/Content/EngineSky/T_Sky_Clouds_M.uexp" 816
"../../../Engine/Content/EngineSky/T_Sky_Blue.ubulk" 817
"../../../Engine/Content/EngineSky/T_Sky_Blue.uasset" 818
"../../../Engine/Content/EngineSky/T_Sky_Blue.uexp" 819
"../../../Engine/Content/EngineSky/M_Sky_Panning_Clouds2.uasset" 820
"../../../Engine/Content/EngineSky/M_Sky_Panning_Clouds2.uexp" 821
"../../../Engine/Content/EngineSky/SM_SkySphere.ubulk" 822
"../../../Engine/Content/EngineSky/SM_SkySphere.uasset" 823
"../../../Engine/Content/EngineSky/SM_SkySphere.uexp" 824
"../../../Engine/Content/EngineSky/C_Sky_Cloud_Color.uasset" 825
"../../../Engine/Content/EngineSky/C_Sky_Cloud_Color.uexp" 826
"../../../Engine/Content/EngineSky/C_Sky_Zenith_Color.uasset" 827
"../../../Engine/Content/EngineSky/C_Sky_Zenith_Color.uexp" 828
"../../../Engine/Content/EngineSky/BP_Sky_Sphere.uasset" 829
"../../../Engine/Content/EngineSky/BP_Sky_Sphere.uexp" 830
"C:/Users/ADAWHITE/Documents/GitHub/GeometricMan/Content/UI/Victory.uasset" 831
"C:/Users/ADAWHITE/Documents/GitHub/GeometricMan/Content/UI/Victory.uexp" 832
"C:/Users/ADAWHITE/Documents/GitHub/GeometricMan/Content/StarterContent/Particles/P_Smoke.uasset" 833
"C:/Users/ADAWHITE/Documents/GitHub/GeometricMan/Content/StarterContent/Particles/P_Smoke.uexp" 834
"C:/Users/ADAWHITE/Documents/GitHub/GeometricMan/Content/Scenes/Victory.uexp" 835
"C:/Users/ADAWHITE/Documents/GitHub/GeometricMan/Content/Scenes/Victory.umap" 836
"C:/Users/ADAWHITE/Documents/GitHub/GeometricMan/Content/UI/MainMenu.uasset" 837
"C:/Users/ADAWHITE/Documents/GitHub/GeometricMan/Content/UI/MainMenu.uexp" 838
"C:/Users/ADAWHITE/Documents/GitHub/GeometricMan/Content/Scenes/MainMenu.uexp" 839
"C:/Users/ADAWHITE/Documents/GitHub/GeometricMan/Content/Scenes/MainMenu.umap" 840
"C:/Users/ADAWHITE/Documents/GitHub/GeometricMan/Content/Materials/M_Flamer.uasset" 841
"C:/Users/ADAWHITE/Documents/GitHub/GeometricMan/Content/Materials/M_Flamer.uexp" 842
"C:/Users/ADAWHITE/Documents/GitHub/GeometricMan/Content/Blueprints/FlameShooter.uasset" 843
"C:/Users/ADAWHITE/Documents/GitHub/GeometricMan/Content/Blueprints/FlameShooter.uexp" 844
"C:/Users/ADAWHITE/Documents/GitHub/GeometricMan/Content/Blueprints/End.uasset" 845
"C:/Users/ADAWHITE/Documents/GitHub/GeometricMan/Content/Blueprints/End.uexp" 846
"C:/Users/ADAWHITE/Documents/GitHub/GeometricMan/Content/Scenes/Level3Mode.uasset" 847
"C:/Users/ADAWHITE/Documents/GitHub/GeometricMan/Content/Scenes/Level3Mode.uexp" 848
"C:/Users/ADAWHITE/Documents/GitHub/GeometricMan/Content/Scenes/Level3.uexp" 849
"C:/Users/ADAWHITE/Documents/GitHub/GeometricMan/Content/Scenes/Level3.umap" 850
"C:/Users/ADAWHITE/Documents/GitHub/GeometricMan/Content/Scenes/Level1Mode.uasset" 851
"C:/Users/ADAWHITE/Documents/GitHub/GeometricMan/Content/Scenes/Level1Mode.uexp" 852
"C:/Users/ADAWHITE/Documents/GitHub/GeometricMan/Content/Materials/M_Straight.uasset" 853
"C:/Users/ADAWHITE/Documents/GitHub/GeometricMan/Content/Materials/M_Straight.uexp" 854
"C:/Users/ADAWHITE/Documents/GitHub/GeometricMan/Content/Blueprints/StraightShooter.uasset" 855
"C:/Users/ADAWHITE/Documents/GitHub/GeometricMan/Content/Blueprints/StraightShooter.uexp" 856
"C:/Users/ADAWHITE/Documents/GitHub/GeometricMan/Content/Blueprints/BasicShooter.uasset" 857
"C:/Users/ADAWHITE/Documents/GitHub/GeometricMan/Content/Blueprints/BasicShooter.uexp" 858
"C:/Users/ADAWHITE/Documents/GitHub/GeometricMan/Content/Scenes/Level1.uexp" 859
"C:/Users/ADAWHITE/Documents/GitHub/GeometricMan/Content/Scenes/Level1.umap" 860
"C:/Users/ADAWHITE/Documents/GitHub/GeometricMan/Content/UI/GameOver.uasset" 861
"C:/Users/ADAWHITE/Documents/GitHub/GeometricMan/Content/UI/GameOver.uexp" 862
"C:/Users/ADAWHITE/Documents/GitHub/GeometricMan/Content/Scenes/GameOver.uexp" 863
"C:/Users/ADAWHITE/Documents/GitHub/GeometricMan/Content/Scenes/GameOver.umap" 864
"C:/Users/ADAWHITE/Documents/GitHub/GeometricMan/Content/Materials/M_Strong.uasset" 865
"C:/Users/ADAWHITE/Documents/GitHub/GeometricMan/Content/Materials/M_Strong.uexp" 866
"C:/Users/ADAWHITE/Documents/GitHub/GeometricMan/Content/Blueprints/StrongShooter.uasset" 867
"C:/Users/ADAWHITE/Documents/GitHub/GeometricMan/Content/Blueprints/StrongShooter.uexp" 868
"C:/Users/ADAWHITE/Documents/GitHub/GeometricMan/Content/Scenes/Level2Mode.uasset" 869
"C:/Users/ADAWHITE/Documents/GitHub/GeometricMan/Content/Scenes/Level2Mode.uexp" 870
"C:/Users/ADAWHITE/Documents/GitHub/GeometricMan/Content/Scenes/Level2.uexp" 871
"C:/Users/ADAWHITE/Documents/GitHub/GeometricMan/Content/Scenes/Level2.umap" 872
